2021-02-09 13:06:02.376; Monitoring; 0; 63; 500; 7.009; 20030243
2021-02-09 13:07:02.440; Monitoring; 0; 63; 500; 6.965; 20030243
2021-02-09 13:08:04.004; ImpedanceCheck; 0; 63; 500; 6.892; 20030243
2021-02-09 13:09:21.362; Monitoring; 0; 63; 500; 6.892; 20030243
2021-02-09 13:10:21.416; Monitoring; 0; 63; 500; 6.877; 20030243
2021-02-09 13:11:41.050; ImpedanceCheck; 0; 63; 500; 6.789; 20030243
2021-02-09 13:12:41.733; Monitoring; 0; 63; 500; 6.789; 20030243
2021-02-09 13:24:34.533; Monitoring; 0; 63; 500; 6.774; 20030243
2021-02-09 13:25:34.576; Monitoring; 0; 63; 500; 6.760; 20030243
2021-02-09 13:27:02.212; ImpedanceCheck; 0; 63; 500; 6.701; 20030243
2021-02-09 13:28:06.509; ImpedanceCheck; 0; 63; 500; 6.672; 20030243
2021-02-09 13:29:45.911; Monitoring; 0; 63; 500; 6.716; 20030243
2021-02-09 13:30:45.974; Monitoring; 0; 63; 500; 6.701; 20030243
2021-02-09 13:32:01.673; ImpedanceCheck; 0; 63; 500; 6.643; 20030243
2021-02-09 13:33:05.828; ImpedanceCheck; 0; 63; 500; 6.628; 20030243
2021-02-09 13:38:14.805; Monitoring; 0; 63; 50000; 6.599; 20030243
2021-02-09 13:39:21.615; ImpedanceCheck; 0; 63; 50000; 6.613; 20030243
2021-02-09 13:45:54.557; Monitoring; 0; 63; 50000; 6.584; 20030243
2021-02-09 15:21:21.804; Monitoring; 0; 63; 50000; 6.994; 20030243
2021-02-09 15:22:21.840; Monitoring; 0; 63; 50000; 6.921; 20030243
2021-02-09 15:23:22.597; Monitoring; 0; 63; 50000; 6.862; 20030243
2021-02-09 15:24:39.387; ImpedanceCheck; 0; 63; 50000; 6.818; 20030243
2021-02-09 15:25:39.577; Monitoring; 0; 63; 50000; 6.774; 20030243
2021-02-09 15:26:39.625; Monitoring; 0; 63; 50000; 6.730; 20030243
2021-02-09 15:27:40.383; Monitoring; 0; 63; 50000; 6.701; 20030243
2021-02-09 15:28:40.433; Monitoring; 0; 63; 50000; 6.672; 20030243
2021-02-09 15:29:41.198; Monitoring; 0; 63; 50000; 6.657; 20030243
2021-02-09 15:30:41.290; Test signal; 0; 63; 50000; 6.643; 20030243
2021-02-09 15:31:42.009; Test signal; 0; 63; 50000; 6.613; 20030243
2021-02-09 15:32:42.192; Monitoring; 0; 63; 50000; 6.599; 20030243
2021-02-09 15:44:27.605; Monitoring; 0; 63; 50000; 6.599; 20030243
2021-02-09 16:04:11.705; ImpedanceCheck; 0; 63; 50000; 6.555; 20030243
2021-02-09 16:05:15.844; ImpedanceCheck; 0; 63; 50000; 6.540; 20030243
2021-02-09 16:06:19.986; ImpedanceCheck; 0; 63; 50000; 6.540; 20030243
2021-02-09 16:07:24.267; ImpedanceCheck; 0; 63; 50000; 6.540; 20030243
2021-02-09 16:08:28.403; ImpedanceCheck; 0; 63; 50000; 6.540; 20030243
2021-02-09 16:09:32.550; ImpedanceCheck; 0; 63; 50000; 6.525; 20030243
2021-02-09 16:10:36.705; ImpedanceCheck; 0; 63; 50000; 6.525; 20030243
2021-02-09 16:11:40.853; ImpedanceCheck; 0; 63; 50000; 6.525; 20030243
2021-02-09 16:12:44.987; ImpedanceCheck; 0; 63; 50000; 6.525; 20030243
2021-02-09 16:13:49.276; ImpedanceCheck; 0; 63; 50000; 6.511; 20030243
2021-02-09 16:14:53.277; ImpedanceCheck; 0; 63; 50000; 6.511; 20030243
2021-02-09 16:15:57.422; ImpedanceCheck; 0; 63; 50000; 6.511; 20030243
2021-02-09 16:17:01.570; ImpedanceCheck; 0; 63; 50000; 6.511; 20030243
2021-02-09 16:18:05.563; ImpedanceCheck; 0; 63; 50000; 6.511; 20030243
2021-02-09 16:19:09.706; ImpedanceCheck; 0; 63; 50000; 6.525; 20030243
2021-02-09 16:20:13.843; ImpedanceCheck; 0; 63; 50000; 6.511; 20030243
2021-02-09 16:21:18.129; ImpedanceCheck; 0; 63; 50000; 6.511; 20030243
2021-02-09 16:22:22.270; ImpedanceCheck; 0; 63; 50000; 6.511; 20030243
2021-02-09 16:23:26.417; ImpedanceCheck; 0; 63; 50000; 6.511; 20030243
2021-02-09 16:24:30.548; ImpedanceCheck; 0; 63; 50000; 6.511; 20030243
2021-02-09 16:25:34.695; ImpedanceCheck; 0; 63; 50000; 6.511; 20030243
2021-02-09 16:26:38.843; ImpedanceCheck; 0; 63; 50000; 6.511; 20030243
2021-02-09 16:27:43.142; ImpedanceCheck; 0; 63; 50000; 6.511; 20030243
2021-02-09 16:28:47.127; ImpedanceCheck; 0; 63; 50000; 6.511; 20030243
2021-02-09 16:29:51.428; ImpedanceCheck; 0; 63; 50000; 6.511; 20030243
2021-02-09 16:30:55.570; ImpedanceCheck; 0; 63; 50000; 6.511; 20030243
2021-02-09 16:44:27.011; Monitoring; 0; 63; 50000; 6.643; 20030243
2021-02-09 16:45:27.025; Saving; 0; 63; 50000; 6.613; 20030243
2021-02-09 16:46:27.816; Saving; 0; 63; 50000; 6.584; 20030243
2021-02-09 16:47:27.834; Monitoring; 0; 63; 50000; 6.584; 20030243
2021-02-09 16:48:28.579; Monitoring; 0; 63; 50000; 6.569; 20030243
2021-02-09 17:03:37.654; Monitoring; 0; 63; 50000; 6.569; 20030243
2021-02-09 17:07:24.859; Monitoring; 0; 63; 50000; 6.540; 20030243
2021-02-09 17:08:24.922; Saving; 0; 63; 50000; 6.540; 20030243
2021-02-09 17:09:25.683; Saving; 0; 63; 50000; 6.540; 20030243
2021-02-09 17:10:25.687; Saving; 0; 63; 50000; 6.525; 20030243
2021-02-09 17:11:25.733; Saving; 0; 63; 50000; 6.525; 20030243
2021-02-09 17:12:26.486; Saving; 0; 63; 50000; 6.525; 20030243
2021-02-09 17:13:26.536; Saving; 0; 63; 50000; 6.511; 20030243
2021-02-09 17:14:27.287; Saving; 0; 63; 50000; 6.511; 20030243
2021-02-09 17:15:27.337; Saving; 0; 63; 50000; 6.511; 20030243
2021-02-09 17:16:28.095; Saving; 0; 63; 50000; 6.511; 20030243
2021-02-09 17:17:28.145; Saving; 0; 63; 50000; 6.496; 20030243
2021-02-09 17:18:28.896; Saving; 0; 63; 50000; 6.511; 20030243
2021-02-09 17:26:55.680; Monitoring; 0; 63; 50000; 6.496; 20030243
2021-02-09 17:28:23.386; Monitoring; 0; 63; 50000; 6.511; 20030243
2021-02-09 17:29:23.442; Monitoring; 0; 63; 50000; 6.496; 20030243
2021-02-09 17:30:24.209; Monitoring; 0; 63; 50000; 6.496; 20030243
2021-02-09 17:31:24.974; Saving; 0; 63; 50000; 6.496; 20030243
2021-02-09 17:32:25.030; Saving; 0; 63; 50000; 6.496; 20030243
2021-02-09 17:33:25.740; Saving; 0; 63; 50000; 6.496; 20030243
2021-02-09 17:34:25.797; Saving; 0; 63; 50000; 6.481; 20030243
2021-02-09 17:35:25.850; Saving; 0; 63; 50000; 6.496; 20030243
2021-02-09 17:36:26.572; Saving; 4; 63; 50000; 6.496; 20030243
2021-02-09 17:37:26.574; Saving; 0; 63; 50000; 6.496; 20030243
2021-02-09 17:38:26.633; Saving; 0; 63; 50000; 6.496; 20030243
2021-02-09 17:39:27.390; Saving; 0; 63; 50000; 6.496; 20030243
2021-02-09 17:40:27.394; Saving; 0; 63; 50000; 6.496; 20030243
2021-02-09 17:41:28.180; Monitoring; 0; 63; 50000; 6.496; 20030243
2021-02-09 17:42:28.236; Monitoring; 0; 63; 50000; 6.481; 20030243
2021-02-09 17:43:28.980; Monitoring; 0; 63; 50000; 6.481; 20030243
2021-02-10 10:25:03.189; Monitoring; 0; 63; 50000; 6.994; 20030243
2021-02-10 10:26:03.280; Saving; 0; 63; 50000; 6.921; 20030243
2021-02-10 10:27:04.006; Saving; 0; 63; 50000; 6.862; 20030243
2021-02-10 10:28:03.884; Saving; 0; 63; 50000; 6.804; 20030243
2021-02-10 10:29:03.797; Saving; 0; 63; 50000; 6.774; 20030243
2021-02-10 10:30:04.413; Saving; 0; 63; 50000; 6.730; 20030243
2021-02-10 10:31:05.039; Saving; 0; 63; 50000; 6.701; 20030243
2021-02-10 10:32:05.006; Saving; 0; 63; 50000; 6.672; 20030243
2021-02-10 10:33:05.773; Saving; 0; 63; 50000; 6.657; 20030243
2021-02-10 10:34:06.545; Saving; 0; 63; 50000; 6.628; 20030243
2021-02-10 10:35:06.611; Saving; 0; 63; 50000; 6.613; 20030243
2021-02-10 10:36:07.378; Saving; 0; 63; 50000; 6.599; 20030243
2021-02-10 10:40:01.856; Monitoring; 0; 63; 50000; 6.599; 20030243
2021-02-10 10:41:07.128; Monitoring; 0; 63; 50000; 6.599; 20030243
2021-02-10 10:42:07.905; Monitoring; 0; 63; 50000; 6.569; 20030243
2021-02-10 10:43:50.751; Monitoring; 0; 63; 50000; 6.569; 20030243
2021-02-10 10:47:52.439; Monitoring; 0; 63; 50000; 6.584; 20030243
2021-02-10 10:48:52.512; Monitoring; 0; 63; 50000; 6.569; 20030243
2021-02-10 10:49:53.262; Monitoring; 0; 63; 50000; 6.555; 20030243
2021-02-10 10:50:54.022; Monitoring; 0; 63; 50000; 6.555; 20030243
2021-02-10 10:51:54.074; Saving; 0; 63; 50000; 6.540; 20030243
2021-02-10 10:52:54.859; Saving; 0; 63; 50000; 6.540; 20030243
2021-02-10 10:53:55.629; Saving; 0; 63; 50000; 6.540; 20030243
2021-02-10 10:54:55.698; Saving; 0; 63; 50000; 6.525; 20030243
2021-02-10 10:55:56.487; Saving; 0; 63; 50000; 6.511; 20030243
2021-02-10 10:56:57.271; Saving; 0; 63; 50000; 6.511; 20030243
2021-02-10 10:57:58.056; Saving; 0; 63; 50000; 6.511; 20030243
2021-02-10 10:58:58.072; Saving; 0; 63; 50000; 6.511; 20030243
2021-02-10 10:59:58.857; Saving; 0; 63; 50000; 6.511; 20030243
2021-02-10 11:00:58.862; Saving; 0; 63; 50000; 6.511; 20030243
2021-02-10 11:01:59.644; Saving; 0; 63; 50000; 6.511; 20030243
2021-02-10 13:25:22.978; Monitoring; 0; 63; 50000; 7.023; 20030243
2021-02-10 13:26:22.998; Saving; 0; 63; 50000; 6.936; 20030243
2021-02-10 13:27:23.766; Saving; 0; 63; 50000; 6.862; 20030243
2021-02-11 09:09:52.656; Monitoring; 0; 63; 50000; 6.994; 20030243
2021-02-11 10:39:40.437; ImpedanceCheck; 0; 63; 50000; 7.009; 20030243
2021-02-11 10:40:44.580; ImpedanceCheck; 0; 63; 50000; 6.936; 20030243
2021-02-11 10:41:48.728; ImpedanceCheck; 0; 63; 50000; 6.884; 20030243
2021-02-11 10:42:52.876; ImpedanceCheck; 0; 63; 50000; 6.848; 20030243
2021-02-11 10:43:56.862; ImpedanceCheck; 0; 63; 50000; 6.789; 20030243
2021-02-11 10:45:01.000; ImpedanceCheck; 0; 63; 50000; 6.774; 20030243
2021-02-11 10:46:05.150; ImpedanceCheck; 0; 63; 50000; 6.745; 20030243
2021-02-11 10:47:09.294; ImpedanceCheck; 0; 63; 50000; 6.716; 20030243
2021-02-11 10:48:13.434; ImpedanceCheck; 0; 63; 50000; 6.687; 20030243
2021-02-11 10:49:17.565; ImpedanceCheck; 0; 63; 50000; 6.672; 20030243
2021-02-11 10:50:21.708; ImpedanceCheck; 0; 63; 50000; 6.650; 20030243
2021-02-11 10:51:25.860; ImpedanceCheck; 0; 63; 50000; 6.628; 20030243
2021-02-11 10:52:30.004; ImpedanceCheck; 0; 63; 50000; 6.613; 20030243
2021-02-11 10:53:34.293; ImpedanceCheck; 0; 63; 50000; 6.599; 20030243
2021-02-11 10:54:38.588; ImpedanceCheck; 0; 63; 50000; 6.599; 20030243
2021-02-11 10:55:42.879; ImpedanceCheck; 0; 63; 50000; 6.584; 20030243
2021-02-11 10:56:47.041; ImpedanceCheck; 0; 63; 50000; 6.569; 20030243
2021-02-11 10:57:51.352; ImpedanceCheck; 0; 63; 50000; 6.569; 20030243
2021-02-11 10:58:55.650; ImpedanceCheck; 0; 63; 50000; 6.569; 20030243
2021-02-11 10:59:59.811; ImpedanceCheck; 0; 63; 50000; 6.555; 20030243
2021-02-11 11:01:03.965; ImpedanceCheck; 0; 63; 50000; 6.540; 20030243
2021-02-11 11:02:08.113; ImpedanceCheck; 0; 63; 50000; 6.540; 20030243
2021-02-11 11:03:12.409; ImpedanceCheck; 0; 63; 50000; 6.540; 20030243
2021-02-11 11:04:16.570; ImpedanceCheck; 0; 63; 50000; 6.533; 20030243
2021-02-11 11:05:20.865; ImpedanceCheck; 0; 63; 50000; 6.540; 20030243
2021-02-11 11:06:25.006; ImpedanceCheck; 0; 63; 50000; 6.525; 20030243
2021-02-11 11:07:25.007; Monitoring; 0; 63; 50000; 6.511; 20030243
2021-02-11 11:08:25.763; Monitoring; 0; 63; 50000; 6.496; 20030243
2021-02-11 11:09:25.816; Monitoring; 0; 63; 50000; 6.511; 20030243
2021-02-11 11:10:41.908; ImpedanceCheck; 0; 63; 50000; 6.511; 20030243
2021-02-11 11:11:41.989; Monitoring; 0; 63; 50000; 6.511; 20030243
2021-02-11 11:12:42.036; Monitoring; 0; 63; 50000; 6.481; 20030243
2021-02-11 11:13:42.789; Saving; 0; 63; 50000; 6.496; 20030243
2021-02-11 11:14:42.848; Saving; 0; 63; 50000; 6.496; 20030243
2021-02-11 11:15:43.613; Saving; 0; 63; 50000; 6.496; 20030243
2021-02-11 11:16:44.388; Saving; 0; 63; 50000; 6.496; 20030243
2021-02-11 11:17:44.458; Saving; 0; 63; 50000; 6.496; 20030243
2021-02-11 11:18:45.231; Saving; 0; 63; 50000; 6.481; 20030243
2021-02-11 11:19:46.007; Saving; 0; 63; 50000; 6.481; 20030243
2021-02-11 11:20:46.074; Saving; 0; 63; 50000; 6.496; 20030243
2021-02-11 11:21:46.799; Saving; 0; 63; 50000; 6.481; 20030243
2021-02-11 11:22:46.819; Saving; 0; 63; 50000; 6.481; 20030243
2021-02-11 11:23:47.596; Saving; 0; 63; 50000; 6.481; 20030243
2021-02-11 11:24:47.597; Monitoring; 0; 63; 50000; 6.481; 20030243
2021-02-11 11:25:47.653; Monitoring; 0; 63; 50000; 6.481; 20030243
2021-02-11 11:26:48.415; Monitoring; 0; 63; 50000; 6.481; 20030243
2021-02-11 11:27:49.188; Saving; 0; 63; 50000; 6.481; 20030243
2021-02-11 11:28:49.278; Saving; 0; 63; 50000; 6.481; 20030243
2021-02-11 11:29:50.071; Saving; 0; 63; 50000; 6.481; 20030243
2021-02-11 11:30:50.865; Saving; 0; 63; 50000; 6.481; 20030243
2021-02-11 11:31:51.609; Saving; 0; 63; 50000; 6.467; 20030243
2021-02-11 11:32:52.403; Saving; 0; 63; 50000; 6.481; 20030243
2021-02-11 11:33:53.195; Saving; 0; 63; 50000; 6.481; 20030243
2021-02-11 11:34:53.244; Monitoring; 0; 63; 50000; 6.467; 20030243
2021-02-11 11:35:54.003; Monitoring; 0; 63; 50000; 6.481; 20030243
2021-02-11 11:36:54.055; Saving; 0; 63; 50000; 6.481; 20030243
2021-02-11 11:37:54.835; Saving; 0; 63; 50000; 6.481; 20030243
2021-02-11 11:38:55.628; Saving; 0; 63; 50000; 6.481; 20030243
2021-02-11 11:39:56.420; Saving; 0; 63; 50000; 6.481; 20030243
2021-02-11 11:40:56.461; Saving; 0; 63; 50000; 6.481; 20030243
2021-02-11 11:41:57.203; Saving; 0; 63; 50000; 6.481; 20030243
2021-02-11 11:42:57.197; Saving; 0; 63; 50000; 6.481; 20030243
2021-02-11 11:43:57.286; Saving; 0; 63; 50000; 6.481; 20030243
2021-02-11 11:44:58.079; Saving; 0; 63; 50000; 6.467; 20030243
2021-02-11 11:45:58.824; Saving; 0; 63; 50000; 6.481; 20030243
2021-02-11 11:46:58.894; Saving; 0; 63; 50000; 6.481; 20030243
2021-02-11 11:47:59.650; Monitoring; 0; 63; 50000; 6.481; 20030243
2021-02-11 11:49:00.412; Saving; 0; 63; 50000; 6.467; 20030243
2021-02-11 11:50:00.501; Saving; 0; 63; 50000; 6.481; 20030243
2021-02-11 11:51:01.293; Saving; 0; 63; 50000; 6.481; 20030243
2021-02-11 11:52:02.086; Saving; 0; 63; 50000; 6.481; 20030243
2021-02-11 11:53:02.074; Saving; 0; 63; 50000; 6.481; 20030243
2021-02-11 11:54:02.866; Saving; 0; 63; 50000; 6.481; 20030243
2021-02-11 11:55:02.855; Saving; 0; 63; 50000; 6.481; 20030243
2021-02-11 11:56:03.647; Saving; 0; 63; 50000; 6.467; 20030243
2021-02-11 11:57:03.687; Saving; 0; 63; 50000; 6.467; 20030243
2021-02-11 11:58:04.480; Saving; 0; 63; 50000; 6.467; 20030243
2021-02-11 11:59:05.272; Saving; 0; 63; 50000; 6.481; 20030243
2021-02-11 12:00:06.065; Saving; 0; 63; 50000; 6.481; 20030243
2021-02-11 12:01:06.838; Monitoring; 0; 63; 50000; 6.467; 20030243
2021-02-11 12:02:06.903; Monitoring; 0; 63; 50000; 6.496; 20030243
2021-02-23 13:01:24.806; Monitoring; 0; 63; 1000; 7.023; 20030243
2021-03-12 10:15:03.167; Monitoring; 0; 63; 1000; 6.789; 20030243
2021-03-12 10:16:18.005; ImpedanceCheck; 0; 63; 1000; 6.716; 20030243
2021-03-12 10:17:22.315; ImpedanceCheck; 0; 63; 1000; 6.687; 20030243
2021-03-12 10:18:26.490; ImpedanceCheck; 0; 63; 1000; 6.672; 20030243
2021-03-12 10:19:30.466; ImpedanceCheck; 0; 63; 1000; 6.643; 20030243
2021-03-12 10:20:34.572; ImpedanceCheck; 0; 63; 1000; 6.643; 20030243
2021-03-12 10:21:38.828; ImpedanceCheck; 0; 63; 1000; 6.628; 20030243
2021-03-12 10:22:42.934; ImpedanceCheck; 0; 63; 1000; 6.613; 20030243
2021-03-12 10:23:47.194; ImpedanceCheck; 0; 63; 1000; 6.599; 20030243
2021-03-12 10:24:51.339; ImpedanceCheck; 0; 63; 1000; 6.599; 20030243
2021-03-12 10:25:55.504; ImpedanceCheck; 0; 63; 1000; 6.584; 20030243
2021-03-12 10:26:59.650; ImpedanceCheck; 0; 63; 1000; 6.569; 20030243
2021-03-12 10:28:03.809; ImpedanceCheck; 0; 63; 1000; 6.569; 20030243
2021-03-12 10:29:07.949; ImpedanceCheck; 0; 63; 1000; 6.555; 20030243
2021-03-12 10:30:12.256; ImpedanceCheck; 0; 63; 1000; 6.569; 20030243
2021-03-12 10:31:16.406; ImpedanceCheck; 0; 63; 1000; 6.555; 20030243
2021-03-12 10:32:20.719; ImpedanceCheck; 0; 63; 1000; 6.555; 20030243
2021-03-12 10:33:24.866; ImpedanceCheck; 0; 63; 1000; 6.555; 20030243
2021-03-12 10:34:29.157; ImpedanceCheck; 0; 63; 1000; 6.540; 20030243
2021-03-12 10:35:33.295; ImpedanceCheck; 0; 63; 1000; 6.540; 20030243
2021-03-12 10:36:37.455; ImpedanceCheck; 0; 63; 1000; 6.533; 20030243
2021-09-08 13:30:18.967; Monitoring; 0; 63; 1000; 6.862; 20030243
2021-09-08 13:31:30.874; ImpedanceCheck; 0; 63; 1000; 6.804; 20030243
2021-09-08 13:32:38.991; Monitoring; 0; 63; 1000; 6.818; 20030243
2021-09-08 13:33:39.033; Monitoring; 0; 63; 1000; 6.774; 20030243
2021-09-08 13:34:45.372; ImpedanceCheck; 0; 63; 1000; 6.730; 20030243
2021-09-08 13:35:49.530; ImpedanceCheck; 0; 63; 1000; 6.701; 20030243
2021-09-08 14:08:28.862; Monitoring; 0; 63; 1000; 6.716; 20030243
2021-09-08 14:09:28.952; Monitoring; 0; 63; 1000; 6.716; 20030243
2021-12-10 10:40:55.341; ImpedanceCheck; 0; 63; 1000; 6.994; 20030243
2021-12-10 16:17:09.234; ImpedanceCheck; 0; 63; 1000; 7.009; 20030243
2021-12-10 16:18:13.208; ImpedanceCheck; 0; 63; 1000; 6.950; 20030243
2021-12-10 16:19:17.326; ImpedanceCheck; 0; 63; 1000; 6.892; 20030243
2021-12-10 16:20:21.292; ImpedanceCheck; 0; 63; 1000; 6.848; 20030243
2021-12-10 16:21:25.563; ImpedanceCheck; 0; 63; 1000; 6.804; 20030243
2021-12-10 16:22:29.690; ImpedanceCheck; 0; 63; 1000; 6.774; 20030243
2021-12-10 16:23:33.677; ImpedanceCheck; 0; 63; 1000; 6.745; 20030243
2021-12-10 16:24:37.814; ImpedanceCheck; 0; 63; 1000; 6.730; 20030243
2021-12-10 16:25:41.937; ImpedanceCheck; 0; 63; 1000; 6.701; 20030243
2021-12-10 16:26:46.071; ImpedanceCheck; 0; 63; 1000; 6.687; 20030243
2021-12-10 16:27:50.209; ImpedanceCheck; 0; 63; 1000; 6.672; 20030243
2021-12-10 16:28:54.191; ImpedanceCheck; 0; 63; 1000; 6.657; 20030243
2021-12-10 16:29:58.314; ImpedanceCheck; 0; 63; 1000; 6.643; 20030243
2021-12-10 16:31:02.440; ImpedanceCheck; 0; 63; 1000; 6.613; 20030243
2021-12-10 16:32:06.386; ImpedanceCheck; 0; 63; 1000; 6.613; 20030243
2021-12-10 16:33:10.520; ImpedanceCheck; 0; 63; 1000; 6.599; 20030243
2021-12-10 16:34:14.626; ImpedanceCheck; 0; 63; 1000; 6.599; 20030243
2021-12-10 16:35:18.718; ImpedanceCheck; 0; 63; 1000; 6.584; 20030243
2021-12-10 16:36:22.855; ImpedanceCheck; 0; 63; 1000; 6.569; 20030243
2021-12-10 16:37:26.991; ImpedanceCheck; 0; 63; 1000; 6.569; 20030243
2021-12-10 16:38:31.130; ImpedanceCheck; 0; 63; 1000; 6.569; 20030243
2021-12-10 16:39:35.261; ImpedanceCheck; 0; 63; 1000; 6.555; 20030243
2021-12-10 16:40:39.391; ImpedanceCheck; 0; 63; 1000; 6.555; 20030243
2021-12-10 16:41:43.514; ImpedanceCheck; 0; 63; 1000; 6.555; 20030243
2021-12-10 16:42:47.648; ImpedanceCheck; 0; 63; 1000; 6.555; 20030243
2021-12-10 16:43:51.773; ImpedanceCheck; 0; 63; 1000; 6.540; 20030243
2021-12-10 16:44:55.891; ImpedanceCheck; 0; 63; 1000; 6.540; 20030243
2021-12-10 16:46:00.009; ImpedanceCheck; 0; 63; 1000; 6.540; 20030243
2021-12-10 16:47:04.127; ImpedanceCheck; 0; 63; 1000; 6.540; 20030243
2021-12-10 16:48:08.255; ImpedanceCheck; 0; 63; 1000; 6.525; 20030243
2021-12-10 16:49:12.385; ImpedanceCheck; 0; 63; 1000; 6.525; 20030243
2021-12-10 16:50:16.509; ImpedanceCheck; 0; 63; 1000; 6.525; 20030243
2021-12-10 16:51:20.649; ImpedanceCheck; 0; 63; 1000; 6.511; 20030243
2021-12-10 16:52:24.934; ImpedanceCheck; 0; 63; 1000; 6.525; 20030243
2021-12-10 16:53:29.073; ImpedanceCheck; 0; 63; 1000; 6.525; 20030243
2021-12-10 16:54:33.354; ImpedanceCheck; 0; 63; 1000; 6.511; 20030243
2021-12-10 16:55:37.498; ImpedanceCheck; 0; 63; 1000; 6.511; 20030243
2021-12-10 16:56:41.623; ImpedanceCheck; 0; 63; 1000; 6.511; 20030243
2022-02-10 11:01:58.223; Monitoring; 0; 63; 1000; 6.599; 20030243
2022-02-10 11:03:01.445; ImpedanceCheck; 0; 63; 1000; 6.540; 20030243
2022-02-10 11:04:05.619; ImpedanceCheck; 0; 63; 1000; 6.540; 20030243
2022-02-10 11:05:09.789; ImpedanceCheck; 0; 63; 1000; 6.525; 20030243
2022-02-10 11:06:14.111; ImpedanceCheck; 0; 63; 1000; 6.533; 20030243
2022-02-10 11:07:18.439; ImpedanceCheck; 0; 63; 1000; 6.511; 20030243
2022-02-10 11:08:22.616; ImpedanceCheck; 0; 63; 1000; 6.511; 20030243
2022-02-10 11:09:26.934; ImpedanceCheck; 0; 63; 1000; 6.511; 20030243
2022-02-10 11:10:31.108; ImpedanceCheck; 0; 63; 1000; 6.511; 20030243
2022-02-10 11:11:35.461; ImpedanceCheck; 0; 63; 1000; 6.511; 20030243
2022-02-10 11:12:39.800; ImpedanceCheck; 0; 63; 1000; 6.503; 20030243
2022-02-10 11:13:40.579; Monitoring; 0; 63; 1000; 6.555; 20030243
2022-02-10 11:14:41.366; Monitoring; 0; 63; 1000; 6.540; 20030243
2022-02-10 11:15:42.145; Monitoring; 0; 63; 1000; 6.555; 20030243
2022-02-10 11:16:42.223; Monitoring; 0; 63; 1000; 6.555; 20030243
2022-02-10 11:17:43.012; Monitoring; 0; 63; 1000; 6.555; 20030243
2022-02-10 11:18:43.793; Monitoring; 0; 63; 1000; 6.540; 20030243
2022-02-10 11:19:43.803; Saving; 0; 63; 1000; 6.555; 20030243
2022-02-10 11:20:44.582; Saving; 0; 63; 1000; 6.540; 20030243
2022-02-10 11:21:45.357; Saving; 0; 63; 1000; 6.540; 20030243
2022-02-10 11:22:45.431; Saving; 0; 63; 1000; 6.540; 20030243
2022-02-10 11:23:46.212; Saving; 0; 63; 1000; 6.540; 20030243
2022-02-10 11:24:46.994; Monitoring; 0; 63; 1000; 6.540; 20030243
2022-02-10 11:25:47.781; Saving; 0; 63; 1000; 6.555; 20030243
2022-02-10 11:26:47.833; Saving; 0; 63; 1000; 6.555; 20030243
2022-02-10 11:27:48.619; Saving; 0; 63; 1000; 6.540; 20030243
2022-02-10 11:28:49.403; Saving; 0; 63; 1000; 6.540; 20030243
2022-02-10 11:29:50.182; Saving; 0; 63; 1000; 6.555; 20030243
2022-02-10 11:30:50.241; Monitoring; 0; 63; 1000; 6.540; 20030243
2022-02-10 11:31:50.983; Monitoring; 0; 63; 1000; 6.555; 20030243
2022-02-10 11:32:50.981; Monitoring; 0; 63; 1000; 6.540; 20030243
2022-02-10 11:33:50.983; Monitoring; 0; 63; 1000; 6.555; 20030243
2022-02-10 11:34:51.785; Monitoring; 0; 63; 1000; 6.540; 20030243
2022-02-10 11:35:58.648; ImpedanceCheck; 0; 63; 1000; 6.496; 20030243
2022-02-10 11:36:59.248; Monitoring; 0; 63; 1000; 6.540; 20030243
2022-02-10 11:37:59.250; Monitoring; 0; 63; 1000; 6.540; 20030243
2022-02-10 11:38:59.247; Monitoring; 0; 63; 1000; 6.540; 20030243
2022-02-10 11:39:59.264; Monitoring; 0; 63; 1000; 6.540; 20030243
2022-02-10 11:40:59.284; Monitoring; 0; 63; 1000; 6.555; 20030243
2022-02-10 11:42:00.075; Monitoring; 0; 63; 1000; 6.540; 20030243
2022-02-10 11:43:00.078; Monitoring; 0; 63; 1000; 6.540; 20030243
2022-02-10 11:44:00.087; Monitoring; 0; 63; 1000; 6.540; 20030243
2022-02-10 11:45:00.092; Monitoring; 0; 63; 1000; 6.540; 20030243
2022-02-10 11:46:00.101; Monitoring; 0; 63; 1000; 6.540; 20030243
2022-02-10 11:47:00.109; Monitoring; 0; 63; 1000; 6.540; 20030243
2022-02-10 11:48:00.110; Monitoring; 0; 63; 1000; 6.540; 20030243
2022-02-10 11:49:00.903; Monitoring; 0; 63; 1000; 6.555; 20030243
2022-02-10 11:50:01.693; Saving; 0; 63; 1000; 6.540; 20030243
2022-02-10 11:51:02.449; Saving; 0; 63; 1000; 6.540; 20030243
2022-02-10 11:52:02.513; Saving; 0; 63; 1000; 6.540; 20030243
2022-02-10 11:53:03.295; Saving; 0; 63; 1000; 6.540; 20030243
2022-02-10 11:54:04.075; Saving; 0; 63; 1000; 6.540; 20030243
2022-02-10 11:55:04.854; Saving; 0; 63; 1000; 6.540; 20030243
2022-02-10 11:56:04.932; Saving; 0; 63; 1000; 6.540; 20030243
2022-02-10 11:57:05.715; Saving; 0; 63; 1000; 6.540; 20030243
2022-02-10 11:58:06.500; Saving; 0; 63; 1000; 6.540; 20030243
2022-02-10 11:59:07.283; Saving; 0; 63; 1000; 6.540; 20030243
2022-02-10 12:00:08.064; Saving; 0; 63; 1000; 6.540; 20030243
2022-02-10 12:01:08.149; Saving; 0; 63; 1000; 6.540; 20030243
2022-02-10 12:02:08.933; Saving; 0; 63; 1000; 6.540; 20030243
2022-02-10 12:03:09.705; Monitoring; 0; 63; 1000; 6.525; 20030243
2022-02-10 12:04:10.491; Monitoring; 0; 63; 1000; 6.540; 20030243
2022-02-10 12:05:10.497; Saving; 0; 63; 1000; 6.540; 20030243
2022-02-10 12:06:10.575; Saving; 0; 63; 1000; 6.540; 20030243
2022-02-10 12:07:11.357; Saving; 0; 63; 1000; 6.540; 20030243
2022-02-10 12:08:12.141; Saving; 0; 63; 1000; 6.540; 20030243
2022-02-10 12:09:12.928; Saving; 0; 63; 1000; 6.540; 20030243
2022-02-10 12:10:13.711; Saving; 0; 63; 1000; 6.533; 20030243
2022-02-10 12:11:13.784; Saving; 0; 63; 1000; 6.540; 20030243
2022-02-10 12:12:14.569; Saving; 0; 63; 1000; 6.540; 20030243
2022-02-10 12:13:15.344; Saving; 0; 63; 1000; 6.540; 20030243
2022-02-10 12:14:16.124; Saving; 0; 63; 1000; 6.540; 20030243
2022-02-10 12:15:16.183; Saving; 0; 63; 1000; 6.540; 20030243
2022-02-10 12:16:16.906; Saving; 0; 63; 1000; 6.540; 20030243
2022-02-10 12:17:16.946; Saving; 0; 63; 1000; 6.540; 20030243
2022-02-10 12:18:17.733; Saving; 0; 63; 1000; 6.540; 20030243
2022-02-10 12:19:18.511; Saving; 0; 63; 1000; 6.540; 20030243
2022-02-10 12:20:18.563; Saving; 0; 63; 1000; 6.540; 20030243
2022-02-10 12:21:19.341; Saving; 0; 63; 1000; 6.540; 20030243
2022-02-10 12:22:20.125; Saving; 0; 63; 1000; 6.540; 20030243
2022-02-10 12:23:20.207; Saving; 0; 63; 1000; 6.540; 20030243
2022-02-10 12:24:20.975; Saving; 0; 63; 1000; 6.540; 20030243
2022-02-10 12:25:21.766; Saving; 0; 63; 1000; 6.540; 20030243
2022-02-10 12:26:22.548; Saving; 0; 63; 1000; 6.555; 20030243
2022-02-10 12:27:23.338; Saving; 0; 63; 1000; 6.540; 20030243
2022-02-10 12:28:23.420; Saving; 0; 63; 1000; 6.540; 20030243
2022-02-10 12:29:24.204; Saving; 0; 63; 1000; 6.540; 20030243
2022-02-10 12:30:24.989; Saving; 0; 63; 1000; 6.525; 20030243
2022-02-10 12:31:25.770; Saving; 0; 63; 1000; 6.540; 20030243
2022-02-10 12:32:26.558; Saving; 0; 63; 1000; 6.540; 20030243
2022-02-10 12:33:27.350; Saving; 0; 63; 1000; 6.540; 20030243
2022-02-10 12:34:28.138; Saving; 0; 63; 1000; 6.540; 20030243
2022-02-10 12:35:28.154; Saving; 0; 63; 1000; 6.540; 20030243
2022-02-10 12:36:28.199; Saving; 0; 63; 1000; 6.540; 20030243
2022-02-10 12:37:28.971; Saving; 0; 63; 1000; 6.540; 20030243
2022-02-10 12:38:29.754; Saving; 0; 63; 1000; 6.540; 20030243
2022-02-10 12:39:29.829; Saving; 0; 63; 1000; 6.540; 20030243
2022-02-10 12:40:30.611; Saving; 0; 63; 1000; 6.540; 20030243
2022-02-10 12:41:31.380; Saving; 0; 63; 1000; 6.540; 20030243
2022-02-10 12:42:32.167; Saving; 0; 63; 1000; 6.540; 20030243
2022-02-10 12:43:32.953; Saving; 0; 63; 1000; 6.540; 20030243
2022-02-10 12:44:33.744; Saving; 0; 63; 1000; 6.540; 20030243
2022-02-10 12:45:33.779; Saving; 0; 63; 1000; 6.555; 20030243
2022-02-10 12:46:34.527; Saving; 0; 63; 1000; 6.540; 20030243
2022-02-10 12:47:34.609; Saving; 0; 63; 1000; 6.540; 20030243
2022-02-10 12:48:34.600; Saving; 0; 63; 1000; 6.540; 20030243
2022-02-10 12:49:35.388; Saving; 0; 63; 1000; 6.540; 20030243
2022-02-10 12:50:36.174; Saving; 0; 63; 1000; 6.540; 20030243
2022-02-10 12:51:36.251; Saving; 0; 63; 1000; 6.540; 20030243
2022-02-10 12:52:37.042; Saving; 0; 63; 1000; 6.540; 20030243
2022-02-10 12:53:37.043; Monitoring; 0; 63; 1000; 6.540; 20030243
2022-02-10 12:54:37.835; Monitoring; 0; 63; 1000; 6.525; 20030243
2022-02-10 12:55:37.835; Monitoring; 0; 63; 1000; 6.555; 20030243
2022-02-10 12:56:38.624; Monitoring; 0; 63; 1000; 6.540; 20030243
2022-02-10 12:57:39.400; Monitoring; 0; 63; 1000; 6.555; 20030243
2022-02-10 12:58:39.391; Monitoring; 0; 63; 1000; 6.555; 20030243
2022-02-10 12:59:39.408; Monitoring; 0; 63; 1000; 6.555; 20030243
2022-02-10 13:00:40.189; Monitoring; 0; 63; 1000; 6.555; 20030243
2022-02-10 13:01:40.226; Monitoring; 0; 63; 1000; 6.555; 20030243
2022-02-10 13:02:41.002; Monitoring; 0; 63; 1000; 6.555; 20030243
2022-02-10 13:03:41.778; Monitoring; 0; 63; 1000; 6.555; 20030243
2022-04-07 10:27:09.069; Monitoring; 0; 63; 1000; 6.599; 20030243
2022-04-07 10:28:23.219; ImpedanceCheck; 0; 63; 1000; 6.569; 20030243
2022-04-07 10:29:27.356; ImpedanceCheck; 0; 63; 1000; 6.555; 20030243
2022-04-07 10:30:31.487; ImpedanceCheck; 0; 63; 1000; 6.555; 20030243
2022-04-07 10:31:35.634; ImpedanceCheck; 0; 63; 1000; 6.540; 20030243
2022-04-07 10:32:39.762; ImpedanceCheck; 0; 63; 1000; 6.525; 20030243
2022-04-07 10:33:43.921; ImpedanceCheck; 0; 63; 1000; 6.540; 20030243
2022-04-07 10:34:48.063; ImpedanceCheck; 0; 63; 1000; 6.525; 20030243
2022-04-07 10:35:52.201; ImpedanceCheck; 0; 63; 1000; 6.511; 20030243
2022-04-07 10:36:56.342; ImpedanceCheck; 0; 63; 1000; 6.511; 20030243
2022-04-07 10:38:04.834; Monitoring; 0; 63; 1000; 6.555; 20030243
2022-04-07 10:39:05.148; ImpedanceCheck; 0; 63; 1000; 6.511; 20030243
2022-04-07 10:40:09.284; ImpedanceCheck; 0; 63; 1000; 6.496; 20030243
2022-04-07 10:41:13.597; ImpedanceCheck; 0; 63; 1000; 6.511; 20030243
2022-04-07 10:42:17.588; ImpedanceCheck; 0; 63; 1000; 6.511; 20030243
2022-04-07 10:43:21.870; ImpedanceCheck; 0; 63; 1000; 6.511; 20030243
2022-04-07 10:44:26.151; ImpedanceCheck; 0; 63; 1000; 6.511; 20030243
2022-04-07 10:45:30.286; ImpedanceCheck; 0; 63; 1000; 6.496; 20030243
2022-04-07 10:46:34.576; ImpedanceCheck; 0; 63; 1000; 6.511; 20030243
2022-04-07 10:47:38.862; ImpedanceCheck; 0; 63; 1000; 6.496; 20030243
2022-04-07 10:48:43.145; ImpedanceCheck; 0; 63; 1000; 6.511; 20030243
2022-04-07 10:49:48.477; Monitoring; 0; 63; 1000; 6.540; 20030243
2022-04-07 10:50:49.264; Monitoring; 0; 63; 1000; 6.540; 20030243
2022-04-07 10:51:49.256; Monitoring; 0; 63; 1000; 6.540; 20030243
2022-04-07 10:52:49.313; Monitoring; 0; 63; 1000; 6.540; 20030243
2022-04-07 10:53:49.372; Monitoring; 0; 63; 1000; 6.540; 20030243
2022-04-07 10:54:50.128; Saving; 0; 63; 1000; 6.555; 20030243
2022-04-07 10:55:50.209; Saving; 0; 63; 1000; 6.540; 20030243
2022-04-07 10:56:50.239; Saving; 0; 63; 1000; 6.555; 20030243
2022-04-07 10:57:50.239; Saving; 0; 63; 1000; 6.540; 20030243
2022-04-07 10:58:50.250; Saving; 0; 63; 1000; 6.555; 20030243
2022-04-07 10:59:50.443; Monitoring; 0; 63; 1000; 6.555; 20030243
2022-04-07 11:00:50.497; Saving; 0; 63; 1000; 6.555; 20030243
2022-04-07 11:01:50.521; Saving; 0; 63; 1000; 6.555; 20030243
2022-04-07 11:02:50.540; Saving; 0; 63; 1000; 6.555; 20030243
2022-04-07 11:03:50.696; Saving; 0; 63; 1000; 6.555; 20030243
2022-04-07 11:04:50.724; Saving; 0; 63; 1000; 6.540; 20030243
2022-04-07 11:05:50.878; Monitoring; 0; 63; 1000; 6.540; 20030243
2022-04-07 11:06:51.653; Monitoring; 0; 63; 1000; 6.540; 20030243
2022-04-07 11:07:51.721; Monitoring; 0; 63; 1000; 6.555; 20030243
2022-04-07 11:08:51.766; Monitoring; 0; 63; 1000; 6.555; 20030243
2022-04-07 11:09:52.525; Monitoring; 0; 63; 1000; 6.540; 20030243
2022-04-07 11:10:52.588; Monitoring; 0; 63; 1000; 6.540; 20030243
2022-04-07 11:11:53.360; Saving; 0; 63; 1000; 6.555; 20030243
2022-04-07 11:12:53.370; Saving; 0; 63; 1000; 6.540; 20030243
2022-04-07 11:13:53.419; Saving; 0; 63; 1000; 6.540; 20030243
2022-04-07 11:14:53.463; Saving; 0; 63; 1000; 6.540; 20030243
2022-04-07 11:15:54.214; Saving; 0; 63; 1000; 6.540; 20030243
2022-04-07 11:16:54.251; Saving; 0; 63; 1000; 6.540; 20030243
2022-04-07 11:17:54.285; Saving; 0; 63; 1000; 6.555; 20030243
2022-04-07 11:18:55.046; Saving; 0; 63; 1000; 6.540; 20030243
2022-04-07 11:19:55.065; Saving; 0; 63; 1000; 6.540; 20030243
2022-04-07 11:20:55.080; Saving; 0; 63; 1000; 6.540; 20030243
2022-04-07 11:21:55.872; Saving; 0; 63; 1000; 6.540; 20030243
2022-04-07 11:22:55.915; Saving; 0; 63; 1000; 6.540; 20030243
2022-04-07 11:23:55.923; Monitoring; 0; 63; 1000; 6.540; 20030243
2022-04-07 11:24:56.040; Saving; 0; 63; 1000; 6.555; 20030243
2022-04-07 11:25:56.052; Saving; 0; 63; 1000; 6.540; 20030243
2022-04-07 11:26:56.827; Saving; 0; 63; 1000; 6.555; 20030243
2022-04-07 11:27:56.866; Saving; 0; 63; 1000; 6.540; 20030243
2022-04-07 11:28:57.628; Saving; 0; 63; 1000; 6.540; 20030243
2022-04-07 11:29:57.681; Saving; 0; 63; 1000; 6.540; 20030243
2022-04-07 11:30:58.436; Saving; 0; 63; 1000; 6.540; 20030243
2022-04-07 11:31:59.205; Saving; 0; 63; 1000; 6.555; 20030243
2022-04-07 11:32:59.243; Saving; 0; 63; 1000; 6.540; 20030243
2022-04-07 11:34:00.014; Monitoring; 0; 63; 1000; 6.555; 20030243
2022-04-07 11:35:00.001; Saving; 0; 63; 1000; 6.540; 20030243
2022-04-07 11:36:00.041; Saving; 0; 63; 1000; 6.540; 20030243
2022-04-07 11:37:00.796; Saving; 0; 63; 1000; 6.540; 20030243
2022-04-07 11:38:00.837; Saving; 0; 63; 1000; 6.540; 20030243
2022-04-07 11:39:00.884; Saving; 0; 63; 1000; 6.540; 20030243
2022-04-07 11:40:01.633; Saving; 0; 63; 1000; 6.540; 20030243
2022-04-07 11:41:01.669; Saving; 0; 63; 1000; 6.540; 20030243
2022-04-07 11:42:02.414; Saving; 0; 63; 1000; 6.540; 20030243
2022-04-07 11:43:02.443; Saving; 0; 63; 1000; 6.555; 20030243
2022-04-07 11:44:03.194; Saving; 0; 63; 1000; 6.540; 20030243
2022-04-07 11:45:03.234; Saving; 0; 63; 1000; 6.555; 20030243
2022-04-07 11:46:03.276; Saving; 0; 63; 1000; 6.540; 20030243
2022-04-07 11:47:04.038; Saving; 0; 63; 1000; 6.540; 20030243
2022-04-07 11:48:04.086; Saving; 0; 63; 1000; 6.555; 20030243
2022-04-07 11:49:04.837; Saving; 0; 63; 1000; 6.540; 20030243
2022-04-07 11:50:05.622; Monitoring; 0; 63; 1000; 6.540; 20030243
2022-04-07 11:51:06.407; Monitoring; 0; 63; 1000; 6.555; 20030243
2022-04-07 11:52:06.423; Saving; 0; 63; 1000; 6.540; 20030243
2022-04-07 11:53:06.433; Saving; 0; 63; 1000; 6.540; 20030243
2022-04-07 11:54:06.483; Saving; 0; 63; 1000; 6.540; 20030243
2022-04-07 11:55:07.230; Saving; 0; 63; 1000; 6.540; 20030243
2022-04-07 11:56:07.250; Saving; 0; 63; 1000; 6.540; 20030243
2022-04-07 11:57:07.285; Saving; 0; 63; 1000; 6.540; 20030243
2022-04-07 11:58:08.022; Saving; 0; 63; 1000; 6.540; 20030243
2022-04-07 11:59:08.065; Saving; 0; 63; 1000; 6.540; 20030243
2022-04-07 12:00:08.090; Saving; 0; 63; 1000; 6.540; 20030243
2022-04-07 12:01:08.855; Saving; 0; 63; 1000; 6.540; 20030243
2022-04-07 12:02:09.629; Monitoring; 0; 63; 1000; 6.540; 20030243
