2021-10-14 15:43:50.820; Test signal; 1; 32; 500; 6.500; BA MR
2021-10-14 15:44:55.322; Test signal; 0; 32; 500; 6.500; BA MR
2021-10-14 15:46:33.033; Test signal; 0; 32; 500; 5.548; BA DC
2021-10-14 15:47:33.721; Test signal; 1; 32; 500; 5.543; BA DC
2021-10-14 15:48:34.494; Test signal; 0; 32; 500; 5.542; BA DC
2021-10-14 15:51:54.610; Test signal; 0; 32; 500; 5.542; BA MR
2021-10-14 15:52:55.326; Test signal; 1; 32; 500; 5.546; BA MR
2021-10-14 15:53:55.334; Test signal; 0; 32; 500; 5.546; BA MR
2021-10-14 15:54:56.132; Test signal; 0; 32; 500; 5.545; BA MR
2021-10-14 15:55:56.939; Test signal; 1; 32; 500; 5.545; BA MR
2021-10-14 15:56:57.743; Saving Test signal; 1; 32; 500; 5.545; BA MR
2021-10-14 15:57:57.818; Saving Test signal; 1; 32; 500; 5.545; BA MR
2021-10-15 13:45:00.356; Test signal; 0; 32; 500; 6.500; BA DC
2021-10-15 13:46:00.355; Test signal; 0; 32; 500; 6.500; BA DC
2021-10-15 13:47:00.491; Test signal; 0; 32; 500; 6.500; BA DC
2021-10-15 13:48:01.223; Saving Test signal; 0; 32; 500; 5.542; BA DC
2021-10-15 14:02:14.785; Test signal; 1; 48; 500; 5.542, 6.500; BA DC, ExG16
2021-10-15 14:03:29.862; Test signal; 2; 48; 500; 5.544, 5.542; BA DC, ExG16
2021-10-15 14:04:29.898; Test signal; 1; 48; 500; 5.539, 5.539; BA DC, ExG16
2021-10-15 14:05:29.996; Test signal; 0; 48; 500; 5.536, 5.538; BA DC, ExG16
2021-10-15 14:06:30.000; Test signal; 1; 48; 500; 5.534, 5.538; BA DC, ExG16
2021-10-15 14:07:30.684; Test signal; 1; 48; 500; 5.533, 5.537; BA DC, ExG16
2021-10-15 14:08:30.751; Test signal; 1; 48; 500; 5.538, 5.536; BA DC, ExG16
2021-10-15 14:11:35.638; Test signal; 1; 48; 500; 5.538, 5.534; ExG16, BA DC
2021-10-15 14:12:35.725; Test signal; 1; 48; 500; 5.538, 5.538; ExG16, BA DC
2021-10-15 14:13:36.580; Test signal; 1; 48; 500; 5.538, 5.538; ExG16, BA DC
2021-10-15 14:14:37.314; Test signal; 1; 48; 500; 5.537, 5.535; ExG16, BA DC
2021-10-15 14:15:37.843; Test signal; 1; 48; 500; 5.537, 5.539; ExG16, BA DC
2021-10-15 14:16:37.917; Test signal; 1; 48; 500; 5.537, 5.538; ExG16, BA DC
2021-10-15 14:17:38.582; Test signal; 1; 48; 500; 5.536, 5.538; ExG16, BA DC
2021-10-15 14:18:38.582; Test signal; 1; 48; 500; 5.537, 5.538; ExG16, BA DC
2021-10-15 14:19:39.348; Test signal; 1; 48; 500; 5.537, 5.538; ExG16, BA DC
2021-10-15 14:20:39.378; Test signal; 1; 48; 500; 5.537, 5.538; ExG16, BA DC
2021-10-15 14:21:39.380; Test signal; 1; 48; 500; 5.537, 5.538; ExG16, BA DC
2021-10-15 14:22:39.467; Test signal; 1; 48; 500; 5.537, 5.538; ExG16, BA DC
2021-10-15 14:23:40.208; Test signal; 1; 48; 500; 5.536, 5.538; ExG16, BA DC
2021-10-15 14:36:18.057; Test signal; 1; 48; 500; 5.542, 5.544; ExG16, BA DC
2021-10-15 14:37:18.763; Test signal; 1; 48; 500; 5.538, 5.540; ExG16, BA DC
2021-10-15 14:38:19.047; Test signal; 1; 48; 1000; 5.540, 5.541; ExG16, BA DC
2021-10-15 14:39:33.467; Monitoring; 0; 48; 1000; 5.540, 5.542; ExG16, BA DC
2021-10-15 14:40:33.800; Monitoring; 1; 48; 1000; 5.539, 5.540; ExG16, BA DC
2021-10-15 14:41:34.518; Monitoring; 1; 48; 1000; 5.538, 5.539; ExG16, BA DC
2021-10-15 14:42:34.547; Monitoring; 1; 48; 1000; 5.537, 5.539; ExG16, BA DC
2021-10-15 14:43:34.606; Monitoring; 1; 48; 1000; 5.537, 5.539; ExG16, BA DC
2021-10-15 14:44:35.328; Monitoring; 1; 48; 1000; 5.537, 5.538; ExG16, BA DC
2021-10-15 14:45:35.375; Monitoring; 1; 48; 1000; 5.537, 5.538; ExG16, BA DC
2021-10-15 14:46:35.749; Saving Test signal; 2; 48; 1000; 5.537, 5.538; ExG16, BA DC
2021-10-18 12:10:46.413; Monitoring; 1; 32; 1000; 6.500; BA MR
2021-10-18 12:11:46.395; Monitoring; 0; 32; 1000; 6.500; BA MR
2021-10-18 12:12:47.121; Monitoring; 1; 32; 1000; 6.500; BA MR
2021-10-18 12:13:47.239; Saving; 1; 32; 1000; 5.546; BA MR
2021-10-18 12:17:01.672; Monitoring; 1; 32; 1000; 5.546; BA MR
2021-10-18 12:18:01.700; Monitoring; 0; 32; 1000; 5.546; BA MR
2021-10-18 12:19:01.687; Saving; 0; 32; 1000; 5.546; BA MR
2021-10-19 10:57:24.919; ImpedanceCheck; 0; 16; 1000; 5.546; ExG16
2021-10-19 10:58:28.826; ImpedanceCheck; 0; 16; 1000; 5.544; ExG16
2021-10-19 11:44:09.501; Test signal; 0; 16; 1000; 5.544; ExG16
2021-10-19 11:46:08.414; ImpedanceCheck; 0; 2; 1000; 5.545; ExG16
2021-10-19 11:47:09.083; Test signal; 1; 2; 1000; 5.545; ExG16
2021-10-19 11:48:09.112; Test signal; 1; 2; 1000; 5.545; ExG16
2021-10-19 11:49:09.845; Test signal; 0; 2; 1000; 5.545; ExG16
2021-10-19 11:50:10.089; Monitoring; 1; 2; 1000; 5.545; ExG16
2021-10-19 11:51:10.961; Monitoring; 1; 2; 1000; 5.545; ExG16
2021-10-19 11:52:11.611; Monitoring; 0; 2; 1000; 5.545; ExG16
2021-10-19 11:53:11.710; Monitoring; 0; 2; 1000; 5.545; ExG16
2021-10-19 11:54:17.270; ImpedanceCheck; 0; 1; 1000; 5.544; ExG16
2021-10-19 11:55:30.781; Test signal; 1; 1; 1000; 5.544; ExG16
2021-10-19 11:56:30.826; Test signal; 1; 1; 1000; 5.544; ExG16
2021-10-19 11:57:31.557; Test signal; 1; 1; 1000; 5.544; ExG16
2021-10-19 11:58:31.612; Test signal; 1; 1; 1000; 5.544; ExG16
2021-10-19 11:59:32.364; Test signal; 0; 1; 1000; 5.544; ExG16
2021-10-19 12:00:32.840; Monitoring; 0; 1; 1000; 5.544; ExG16
2021-10-19 12:01:33.009; Monitoring; 0; 1; 1000; 5.544; ExG16
2021-10-19 12:02:33.808; Monitoring; 0; 1; 1000; 5.544; ExG16
2021-10-19 12:04:09.222; Monitoring; 1; 1; 1000; 5.544; ExG16
2021-10-19 12:05:09.254; Monitoring; 0; 1; 1000; 5.544; ExG16
2021-10-19 12:06:09.947; Monitoring; 0; 1; 1000; 5.544; ExG16
2021-10-19 12:07:09.994; Monitoring; 1; 1; 1000; 5.544; ExG16
2021-10-19 12:08:10.053; Monitoring; 0; 1; 1000; 5.544; ExG16
2021-10-19 12:09:10.345; Monitoring; 0; 1; 1000; 5.544; ExG16
2021-10-19 12:10:10.582; Test signal; 1; 1; 1000; 5.544; ExG16
2021-10-19 12:11:11.047; Monitoring; 0; 1; 1000; 5.543; ExG16
2021-10-19 12:12:11.063; Monitoring; 0; 1; 1000; 5.543; ExG16
2021-10-19 12:13:11.121; Monitoring; 0; 1; 1000; 5.543; ExG16
2021-10-19 12:14:11.912; Monitoring; 0; 1; 1000; 5.543; ExG16
2021-10-19 12:15:11.906; Saving; 1; 1; 1000; 5.543; ExG16
2021-10-19 12:16:12.593; Monitoring; 1; 1; 1000; 5.543; ExG16
2021-10-19 12:17:12.641; Saving; 0; 1; 1000; 5.543; ExG16
2021-10-19 12:18:41.485; ImpedanceCheck; 0; 1; 1000; 5.544; ExG16
2021-10-19 12:19:46.783; ImpedanceCheck; 0; 1; 1000; 5.543; ExG16
2021-10-19 12:20:51.026; ImpedanceCheck; 0; 1; 1000; 5.543; ExG16
2021-10-19 12:21:55.555; Test signal; 1; 1; 1000; 5.543; ExG16
2021-10-19 12:22:55.595; Test signal; 1; 1; 1000; 5.543; ExG16
2021-10-19 12:23:56.314; Test signal; 0; 1; 1000; 5.543; ExG16
2021-10-19 12:24:56.954; Test signal; 0; 1; 1000; 5.543; ExG16
2021-10-19 12:25:57.034; Test signal; 0; 1; 1000; 5.543; ExG16
2021-10-19 12:26:57.066; Saving Test signal; 0; 1; 1000; 5.543; ExG16
2021-10-19 12:28:08.953; ImpedanceCheck; 0; 1; 1000; 5.543; ExG16
2021-10-19 12:29:09.048; Saving Test signal; 0; 1; 1000; 5.544; ExG16
2021-10-19 12:30:11.670; Test signal; 1; 1; 1000; 5.544; ExG16
2021-10-19 12:31:25.529; ImpedanceCheck; 0; 1; 1000; 5.544; ExG16
2021-10-19 12:32:30.013; ImpedanceCheck; 0; 1; 1000; 5.543; ExG16
2021-10-19 12:33:34.096; ImpedanceCheck; 0; 1; 1000; 5.543; ExG16
2021-10-19 12:34:38.182; ImpedanceCheck; 0; 1; 1000; 5.543; ExG16
2021-10-19 12:35:41.979; ImpedanceCheck; 0; 1; 1000; 5.542; ExG16
2021-10-19 12:36:45.790; ImpedanceCheck; 0; 1; 1000; 5.542; ExG16
2021-10-19 12:37:49.850; ImpedanceCheck; 0; 1; 1000; 5.542; ExG16
2021-10-19 12:38:53.907; ImpedanceCheck; 0; 1; 1000; 5.542; ExG16
2021-10-19 12:39:58.901; ImpedanceCheck; 0; 1; 1000; 5.542; ExG16
2021-10-19 12:41:03.448; ImpedanceCheck; 0; 1; 1000; 5.542; ExG16
2021-10-19 12:42:07.753; ImpedanceCheck; 0; 1; 1000; 5.543; ExG16
2021-10-19 12:43:11.750; ImpedanceCheck; 0; 1; 1000; 5.543; ExG16
2021-10-19 12:44:15.665; ImpedanceCheck; 0; 1; 1000; 5.543; ExG16
2021-10-19 12:45:19.736; ImpedanceCheck; 0; 1; 1000; 5.543; ExG16
2021-10-19 12:46:23.643; ImpedanceCheck; 0; 1; 1000; 5.543; ExG16
2021-10-19 12:47:27.574; ImpedanceCheck; 0; 1; 1000; 5.543; ExG16
2021-10-19 12:48:31.631; ImpedanceCheck; 0; 1; 1000; 5.543; ExG16
2021-10-19 12:49:35.573; ImpedanceCheck; 0; 1; 1000; 5.543; ExG16
2021-10-19 12:50:39.370; ImpedanceCheck; 0; 1; 1000; 5.543; ExG16
2021-10-19 12:51:43.724; ImpedanceCheck; 0; 1; 1000; 5.543; ExG16
2021-10-19 12:52:48.125; ImpedanceCheck; 0; 1; 1000; 5.543; ExG16
2021-10-19 12:53:52.089; ImpedanceCheck; 0; 1; 1000; 5.543; ExG16
2021-10-19 12:54:56.009; ImpedanceCheck; 0; 1; 1000; 5.542; ExG16
2021-10-19 12:55:59.929; ImpedanceCheck; 0; 1; 1000; 5.542; ExG16
2021-10-19 12:57:03.768; ImpedanceCheck; 0; 1; 1000; 5.542; ExG16
2021-10-19 12:58:07.842; ImpedanceCheck; 0; 1; 1000; 5.542; ExG16
2021-10-19 12:59:11.787; ImpedanceCheck; 0; 1; 1000; 5.542; ExG16
2021-10-19 13:00:15.719; ImpedanceCheck; 0; 1; 1000; 5.542; ExG16
2021-10-19 13:01:19.781; ImpedanceCheck; 0; 1; 1000; 5.542; ExG16
2021-10-19 13:02:23.722; ImpedanceCheck; 0; 1; 1000; 5.542; ExG16
2021-10-19 13:03:27.675; ImpedanceCheck; 0; 1; 1000; 5.542; ExG16
2021-10-19 13:04:29.066; Test signal; 0; 1; 1000; 5.542; ExG16
2021-10-19 13:05:41.862; Test signal; 0; 1; 1000; 5.542; ExG16
2021-10-20 11:00:35.807; Monitoring; 1; 48; 1000; 6.500, 6.500; BA DC, ExG16
2021-10-20 11:01:36.159; Monitoring; 1; 48; 1000; 5.539, 5.545; BA DC, ExG16
2021-10-20 11:02:12.547; Monitoring; 1; 48; 1000; 5.537, 5.544; BA DC, ExG16
2021-10-20 16:13:18.553; ImpedanceCheck; 0; 32; 1000; 5.537; BA DC
2021-10-20 16:14:24.363; ImpedanceCheck; 0; 32; 1000; 5.537; BA DC
2021-10-20 16:15:26.684; ImpedanceCheck; 0; 32; 1000; 5.537; BA DC
2021-10-20 16:16:45.948; ImpedanceCheck; 0; 32; 1000; 5.537; BA DC
2021-10-20 16:17:46.318; Test signal; 0; 32; 1000; 5.536; BA DC
2021-10-20 16:18:54.926; Test signal; 1; 32; 1000; 5.538; BA DC
2021-10-20 16:19:55.489; Test signal; 1; 32; 1000; 5.537; BA DC
2021-10-20 16:21:10.739; Test signal; 1; 32; 1000; 5.536; BA DC
2021-10-20 16:22:11.223; Test signal; 0; 32; 1000; 5.536; BA DC
2021-10-20 16:23:12.007; Test signal; 1; 32; 1000; 5.536; BA DC
2021-10-20 16:24:12.126; Test signal; 0; 32; 1000; 5.536; BA DC
2021-10-20 16:25:12.879; Test signal; 0; 32; 1000; 5.536; BA DC
2021-10-20 16:26:13.659; Test signal; 1; 32; 1000; 5.536; BA DC
2021-10-20 16:27:13.735; Test signal; 1; 32; 1000; 5.536; BA DC
2021-10-20 16:48:54.361; Test signal; 0; 32; 1000; 5.536; BA DC
2021-10-20 16:49:55.215; Test signal; 0; 32; 1000; 5.536; BA DC
2021-10-20 16:51:17.039; Test signal; 1; 32; 1000; 5.537; BA DC
2021-10-20 16:52:17.792; Test signal; 0; 32; 1000; 5.537; BA DC
2021-10-20 16:53:17.822; Test signal; 1; 32; 1000; 5.537; BA DC
2021-10-20 16:54:18.580; Test signal; 1; 32; 1000; 5.537; BA DC
2021-10-20 16:55:19.278; Test signal; 1; 32; 1000; 5.536; BA DC
2021-10-20 16:56:19.403; Test signal; 1; 32; 1000; 5.536; BA DC
2021-10-20 17:03:04.375; Test signal; 1; 32; 1000; 5.536; BA DC
2021-10-20 17:04:08.380; Test signal; 1; 32; 1000; 5.538; BA DC
2021-10-20 17:05:31.593; Test signal; 0; 32; 1000; 5.538; BA DC
2021-10-20 17:07:18.245; Test signal; 1; 32; 1000; 5.538; BA DC
2021-10-20 17:08:30.897; Test signal; 0; 32; 1000; 5.538; BA DC
2021-10-20 17:09:30.968; Monitoring; 0; 32; 1000; 5.538; BA DC
2021-10-20 17:10:31.038; Monitoring; 0; 32; 1000; 5.538; BA DC
2021-10-20 17:11:31.149; Monitoring; 0; 32; 1000; 5.538; BA DC
2021-10-20 17:12:31.226; Test signal; 1; 32; 1000; 5.538; BA DC
2021-10-20 17:13:32.069; Test signal; 0; 32; 1000; 5.536; BA DC
2021-10-20 17:14:32.735; Test signal; 1; 32; 1000; 5.536; BA DC
2021-10-20 17:16:06.608; Test signal; 1; 32; 1000; 5.536; BA DC
2021-10-20 17:17:06.743; Test signal; 0; 32; 1000; 5.536; BA DC
2021-10-20 17:18:07.476; Test signal; 1; 32; 1000; 5.536; BA DC
2021-10-20 17:19:07.519; Test signal; 1; 32; 1000; 5.536; BA DC
2021-10-20 17:20:07.579; Test signal; 1; 32; 1000; 5.536; BA DC
2021-10-20 17:21:08.423; Test signal; 1; 32; 1000; 5.536; BA DC
2021-10-20 17:22:09.096; Test signal; 0; 32; 1000; 5.536; BA DC
2021-10-20 17:23:57.064; Test signal; 1; 32; 5000; 5.536; BA DC
2021-10-20 17:24:57.112; Test signal; 1; 32; 5000; 5.536; BA DC
2021-10-20 17:25:57.735; Test signal; 0; 32; 5000; 5.536; BA DC
2021-10-20 17:47:28.481; ImpedanceCheck; 0; 32; 5000; 5.539; BA DC
2021-10-20 17:48:28.768; Test signal; 1; 32; 5000; 5.537; BA DC
2021-10-21 09:41:46.914; ImpedanceCheck; 0; 32; 5000; 5.539; BA DC
2021-10-21 09:42:52.689; Test signal; 0; 32; 5000; 5.538; BA DC
2021-10-21 09:43:53.531; Test signal; 1; 32; 5000; 5.537; BA DC
2021-10-21 09:44:54.187; Test signal; 1; 32; 5000; 5.537; BA DC
2021-10-21 09:45:54.330; Test signal; 1; 32; 5000; 5.537; BA DC
2021-10-21 09:48:41.050; Test signal; 0; 32; 5000; 5.537; BA DC
2021-10-21 09:49:41.907; Test signal; 0; 32; 5000; 5.537; BA DC
2021-10-21 09:50:43.510; Test signal; 1; 32; 5000; 5.538; BA DC
2021-10-21 09:58:55.784; Test signal; 1; 32; 5000; 5.538; BA DC
2021-10-21 09:59:56.438; Test signal; 0; 32; 5000; 5.538; BA DC
2021-10-21 11:20:30.757; Test signal; 1; 32; 5000; 6.500; BA DC
2021-10-21 11:21:49.415; Test signal; 1; 32; 5000; 6.500; BA DC
2021-10-21 11:23:04.514; Test signal; 1; 32; 5000; 6.500; BA DC
2021-10-21 11:24:29.828; Test signal; 1; 32; 5000; 6.500; BA DC
2021-10-21 11:25:29.904; Saving Test signal; 1; 32; 5000; 5.535; BA DC
2021-10-21 11:26:30.392; Saving Test signal; 0; 32; 5000; 5.537; BA DC
2021-10-21 11:27:31.169; Saving Test signal; 1; 32; 5000; 5.536; BA DC
2021-10-21 13:52:16.523; Monitoring; 1; 48; 1000; 5.540, 5.546; BA DC, ExG16
2021-10-21 13:53:28.109; Monitoring; 1; 48; 1000; 5.540, 5.546; BA DC, ExG16
2021-10-21 13:54:41.271; Monitoring; 1; 32; 500; 5.537; BA DC
2021-10-21 13:55:41.778; Monitoring; 2; 48; 1000; 5.538, 5.544; BA DC, ExG16
2021-10-21 14:41:18.068; Monitoring; 1; 48; 1000; 6.500, 6.500; BA DC, ExG16
2021-10-21 15:03:34.684; ImpedanceCheck; 0; 32; 5000; 5.538; BA DC
2021-10-21 15:04:37.443; ImpedanceCheck; 0; 32; 5000; 5.537; BA DC
2021-10-21 15:05:38.049; Test signal; 0; 32; 5000; 5.537; BA DC
2021-10-21 15:06:38.583; Test signal; 1; 32; 1000; 5.537; BA DC
2021-10-21 15:07:38.604; Test signal; 0; 32; 1000; 5.537; BA DC
2021-10-21 15:08:38.810; Test signal; 0; 32; 1000; 5.539; BA DC
2021-11-03 11:52:41.033; Test signal; 0; 32; 1000; 5.561; BA DC
2021-11-03 11:53:41.031; Test signal; 1; 32; 1000; 5.540; BA DC
2021-11-03 11:54:41.045; Test signal; 1; 32; 500; 5.545; BA DC
2021-11-03 11:55:52.095; Test signal; 1; 32; 500; 5.543; BA DC
2021-11-03 11:56:52.475; Test signal; 0; 32; 500; 5.544; BA DC
2021-11-03 12:05:59.233; Monitoring; 0; 32; 500; 5.546; BA DC
2021-11-03 12:08:17.810; Monitoring; 0; 32; 500; 5.545; BA DC
2021-11-03 12:09:17.800; Monitoring; 1; 32; 500; 5.542; BA DC
2021-11-03 13:06:47.531; Monitoring; 0; 32; 5000; 5.543; BA DC
2021-11-03 13:07:57.578; ImpedanceCheck; 0; 32; 5000; 5.536; BA DC
2021-11-03 13:08:57.595; Test signal; 0; 32; 5000; 5.539; BA DC
2021-11-03 13:09:58.313; Test signal; 1; 32; 5000; 5.539; BA DC
2021-11-03 13:10:58.386; Test signal; 1; 32; 5000; 5.539; BA DC
2021-11-03 13:11:59.122; Saving Test signal; 0; 32; 5000; 5.539; BA DC
2021-11-03 13:45:02.105; Monitoring; 1; 32; 5000; 5.545; BA DC
2021-11-04 13:42:34.558; ImpedanceCheck; 0; 32; 5000; 5.544; BA DC
2021-11-04 13:44:08.102; Test signal; 1; 32; 5000; 5.544; BA DC
2021-11-04 13:45:08.947; Test signal; 1; 32; 5000; 5.543; BA DC
2021-11-04 13:46:08.977; Test signal; 0; 32; 5000; 5.543; BA DC
2021-11-04 13:47:08.973; Saving Test signal; 0; 32; 5000; 5.541; BA DC
2021-11-04 13:48:18.184; ImpedanceCheck; 0; 32; 5000; 5.542; BA DC
2021-11-04 13:49:20.656; ImpedanceCheck; 0; 32; 5000; 5.540; BA DC
2021-11-04 13:50:21.193; Monitoring; 1; 32; 5000; 5.542; BA DC
2021-11-04 13:51:21.250; Monitoring; 0; 32; 5000; 5.542; BA DC
2021-11-04 13:52:22.031; Saving; 1; 32; 5000; 5.542; BA DC
2021-11-04 13:53:22.044; Saving; 1; 32; 5000; 5.542; BA DC
2021-11-04 13:54:22.116; Saving; 1; 32; 5000; 5.542; BA DC
2021-11-04 13:56:07.670; ImpedanceCheck; 0; 32; 5000; 5.543; BA DC
2021-11-04 13:57:08.407; Monitoring; 1; 32; 5000; 5.542; BA DC
2021-11-04 13:58:09.104; Saving; 0; 32; 5000; 5.542; BA DC
2021-11-04 13:59:15.883; Monitoring; 1; 32; 5000; 5.542; BA DC
2021-11-04 14:00:23.517; ImpedanceCheck; 0; 32; 5000; 5.541; BA DC
2021-11-04 15:50:41.578; ImpedanceCheck; 0; 32; 5000; 5.535; BA DC
2021-11-04 15:51:42.128; Monitoring; 1; 32; 5000; 5.543; BA DC
2021-11-04 15:52:43.321; Monitoring; 1; 32; 5000; 5.543; BA DC
2021-11-04 15:53:43.996; Monitoring; 0; 32; 5000; 5.543; BA DC
2021-11-04 15:55:25.581; Monitoring; 1; 32; 5000; 5.543; BA DC
2021-11-04 15:56:38.579; Monitoring; 1; 32; 5000; 5.543; BA DC
2021-11-04 16:09:22.182; ImpedanceCheck; 0; 32; 5000; 5.541; BA DC
2021-11-04 16:10:24.496; ImpedanceCheck; 0; 32; 5000; 5.542; BA DC
2021-11-04 16:11:26.963; ImpedanceCheck; 0; 32; 5000; 5.542; BA DC
2021-11-04 16:12:34.841; ImpedanceCheck; 0; 32; 5000; 5.542; BA DC
2021-11-04 16:13:38.191; ImpedanceCheck; 0; 32; 5000; 5.541; BA DC
2021-11-04 16:14:41.893; Monitoring; 0; 32; 5000; 5.541; BA DC
2021-11-04 16:15:42.569; Monitoring; 1; 32; 5000; 5.542; BA DC
2021-11-04 16:16:42.598; Monitoring; 0; 32; 5000; 5.542; BA DC
2021-11-04 16:44:34.484; ImpedanceCheck; 0; 32; 5000; 5.544; BA DC
2021-11-04 16:45:36.838; ImpedanceCheck; 0; 32; 5000; 5.541; BA DC
2021-11-04 16:46:37.210; Monitoring; 0; 32; 5000; 5.542; BA DC
2021-11-04 16:47:37.249; Monitoring; 0; 32; 5000; 5.542; BA DC
2021-11-04 16:48:37.262; Monitoring; 0; 32; 5000; 5.542; BA DC
2021-11-04 16:49:37.287; Saving; 1; 32; 5000; 5.542; BA DC
2021-11-04 16:51:45.404; ImpedanceCheck; 0; 32; 5000; 5.542; BA DC
2021-11-04 16:52:45.501; Monitoring; 1; 32; 5000; 5.541; BA DC
2021-11-04 16:53:45.545; Monitoring; 1; 32; 5000; 5.542; BA DC
2021-11-04 16:56:48.792; ImpedanceCheck; 0; 32; 5000; 5.543; BA DC
2021-11-04 16:58:03.163; Monitoring; 1; 32; 5000; 5.543; BA DC
2021-11-04 16:59:03.266; Monitoring; 0; 32; 5000; 5.542; BA DC
2021-11-05 11:09:32.512; ImpedanceCheck; 0; 32; 5000; 5.544; BA DC
2021-11-11 13:57:52.078; ImpedanceCheck; 0; 32; 250; 5.543; BA DC
2021-11-11 13:58:55.765; ImpedanceCheck; 0; 32; 250; 5.545; BA DC
2021-11-11 14:45:21.879; ImpedanceCheck; 0; 30; 500; 5.543; BA DC
2021-11-11 14:46:21.890; Monitoring; 0; 30; 500; 5.543; BA DC
2021-11-11 14:47:22.692; Monitoring; 1; 30; 500; 5.543; BA DC
2021-11-11 14:48:23.475; Monitoring; 0; 30; 500; 5.542; BA DC
2021-11-11 14:49:24.071; Monitoring; 0; 30; 500; 5.541; BA DC
2021-11-11 14:50:24.091; Monitoring; 0; 30; 500; 5.541; BA DC
2021-11-11 15:05:28.644; ImpedanceCheck; 0; 30; 500; 5.549; BA DC
2021-11-11 15:06:32.491; ImpedanceCheck; 0; 30; 500; 5.542; BA DC
2021-11-11 15:07:33.198; Monitoring; 1; 30; 500; 5.542; BA DC
2021-11-11 15:08:33.438; Saving; 1; 30; 500; 5.542; BA DC
2021-11-11 15:09:33.492; Monitoring; 1; 30; 500; 5.541; BA DC
2021-11-17 12:18:09.190; ImpedanceCheck; 0; 32; 5000; 5.544; BA DC
2021-11-17 12:19:09.930; Monitoring; 1; 32; 5000; 5.543; BA DC
2021-11-17 12:20:28.969; ImpedanceCheck; 0; 32; 5000; 5.543; BA DC
2021-11-17 12:21:29.291; Monitoring; 1; 32; 5000; 5.543; BA DC
2021-11-17 12:22:36.793; ImpedanceCheck; 0; 32; 5000; 5.542; BA DC
2021-11-17 12:23:37.474; Monitoring; 0; 32; 5000; 5.542; BA DC
2021-11-22 10:06:50.770; Test signal; 1; 32; 250; 6.500; BA DC
2021-11-22 10:07:51.181; Test signal; 1; 32; 250; 6.500; BA DC
2021-11-22 10:09:43.603; Test signal; 1; 32; 500; 6.500; BA DC
2021-11-22 10:54:20.116; Test signal; 1; 32; 1000; 6.500; BA DC
2021-11-22 10:55:20.621; Test signal; 1; 32; 1000; 5.543; BA DC
2021-11-22 10:57:01.612; Test signal; 1; 32; 1000; 5.542; BA DC
2021-11-22 10:58:02.232; Test signal; 1; 32; 1000; 5.542; BA DC
2021-12-07 12:28:01.887; ImpedanceCheck; 0; 32; 1000; 5.544; BA DC
2021-12-07 12:29:01.902; Monitoring; 1; 32; 1000; 5.544; BA DC
2021-12-07 12:30:13.453; ImpedanceCheck; 0; 32; 1000; 5.544; BA DC
2021-12-07 12:31:13.838; Monitoring; 1; 32; 1000; 5.543; BA DC
2021-12-07 12:32:13.864; Saving; 1; 32; 1000; 5.543; BA DC
2021-12-07 12:37:21.595; ImpedanceCheck; 0; 32; 1000; 5.544; BA DC
2021-12-08 10:44:21.287; ImpedanceCheck; 0; 32; 1000; 5.543; BA DC
2021-12-08 10:48:10.580; ImpedanceCheck; 0; 32; 1000; 5.543; BA DC
2021-12-08 10:51:27.159; ImpedanceCheck; 0; 32; 1000; 5.544; BA DC
2021-12-08 10:52:29.470; ImpedanceCheck; 0; 32; 1000; 5.544; BA DC
2021-12-08 10:53:36.497; ImpedanceCheck; 0; 32; 1000; 5.541; BA DC
2021-12-08 10:54:41.419; ImpedanceCheck; 0; 32; 1000; 5.542; BA DC
2021-12-08 10:55:48.642; ImpedanceCheck; 0; 32; 1000; 5.543; BA DC
2021-12-08 10:56:48.664; ImpedanceCheck; 0; 32; 1000; 5.542; BA DC
2021-12-08 10:57:51.584; ImpedanceCheck; 0; 32; 1000; 5.541; BA DC
2021-12-08 10:58:53.908; ImpedanceCheck; 0; 32; 1000; 5.541; BA DC
2021-12-08 10:59:56.383; ImpedanceCheck; 0; 32; 1000; 5.541; BA DC
2021-12-08 11:00:58.719; ImpedanceCheck; 0; 32; 1000; 5.541; BA DC
2021-12-08 11:02:01.200; ImpedanceCheck; 0; 32; 1000; 5.536; BA DC
2021-12-08 11:03:03.541; ImpedanceCheck; 0; 32; 1000; 5.543; BA DC
2021-12-08 11:04:06.024; ImpedanceCheck; 0; 32; 1000; 5.544; BA DC
2021-12-08 11:49:46.057; ImpedanceCheck; 0; 32; 1000; 5.544; BA DC
2021-12-08 11:50:49.312; ImpedanceCheck; 0; 32; 1000; 5.542; BA DC
2021-12-08 11:51:53.028; ImpedanceCheck; 0; 32; 1000; 5.542; BA DC
2021-12-08 11:52:55.429; ImpedanceCheck; 0; 32; 1000; 5.541; BA DC
2021-12-08 11:53:57.731; ImpedanceCheck; 0; 32; 1000; 5.541; BA DC
2021-12-08 11:55:00.182; ImpedanceCheck; 0; 32; 1000; 5.540; BA DC
2021-12-08 11:56:02.636; ImpedanceCheck; 0; 32; 1000; 5.540; BA DC
2021-12-08 11:57:04.938; ImpedanceCheck; 0; 32; 1000; 5.541; BA DC
2021-12-08 11:58:05.267; Test signal; 1; 32; 1000; 5.541; BA DC
2021-12-08 11:59:05.386; Test signal; 0; 32; 1000; 5.541; BA DC
2021-12-08 12:00:24.963; ImpedanceCheck; 0; 32; 1000; 5.542; BA DC
2021-12-08 12:01:25.255; Test signal; 0; 32; 1000; 5.541; BA DC
2021-12-08 12:02:25.346; Test signal; 0; 32; 1000; 5.541; BA DC
2021-12-08 12:03:25.338; Test signal; 1; 32; 1000; 5.541; BA DC
2021-12-08 12:11:07.439; ImpedanceCheck; 0; 32; 1000; 5.543; BA DC
2021-12-08 12:12:07.790; Test signal; 1; 32; 1000; 5.542; BA DC
2021-12-08 12:13:08.540; Test signal; 0; 32; 1000; 5.542; BA DC
2021-12-08 12:14:08.592; Test signal; 0; 32; 1000; 5.542; BA DC
2021-12-08 12:15:09.320; Test signal; 1; 32; 1000; 5.541; BA DC
2021-12-08 12:16:19.216; Test signal; 1; 32; 1000; 5.541; BA DC
2021-12-08 16:11:07.789; ImpedanceCheck; 0; 32; 1000; 5.543; BA DC
2021-12-08 16:12:10.275; ImpedanceCheck; 0; 32; 1000; 5.541; BA DC
2021-12-08 16:13:10.663; Test signal; 1; 32; 1000; 5.542; BA DC
2021-12-08 16:14:11.495; Monitoring; 0; 32; 1000; 5.542; BA DC
2022-01-06 10:33:48.117; Monitoring; 1; 32; 5000; 6.500; BA DC
2022-01-10 14:59:02.423; Monitoring; 1; 32; 5000; 6.500; BA DC
2022-01-10 15:00:03.110; Saving; 0; 32; 5000; 5.544; BA DC
2022-01-10 15:01:03.952; Saving; 0; 32; 5000; 5.541; BA DC
2022-01-10 15:02:04.624; Saving; 1; 32; 5000; 5.538; BA DC
2022-01-11 12:13:20.191; Monitoring; 0; 32; 5000; 6.500; BA DC
2022-01-19 10:53:14.092; Test signal; 0; 16; 1000; 6.500; ExG16
2022-01-19 10:54:14.133; Test signal; 0; 16; 1000; 5.546; ExG16
2022-01-19 10:55:14.205; Test signal; 1; 16; 1000; 5.546; ExG16
2022-01-19 10:56:14.842; Saving Test signal; 0; 16; 1000; 5.545; ExG16
2022-01-19 10:57:14.859; Saving Test signal; 1; 16; 1000; 5.545; ExG16
2022-01-19 11:17:22.489; ImpedanceCheck; 0; 16; 1000; 5.547; ExG16
2022-01-19 11:18:26.385; ImpedanceCheck; 0; 16; 1000; 5.545; ExG16
2022-01-19 11:19:30.273; ImpedanceCheck; 0; 16; 1000; 5.545; ExG16
2022-01-19 11:25:34.021; Monitoring; 0; 16; 1000; 5.545; ExG16
2022-01-19 11:26:34.001; Monitoring; 0; 16; 1000; 5.545; ExG16
2022-01-19 11:27:34.779; Monitoring; 0; 16; 1000; 5.545; ExG16
2022-01-19 11:28:35.511; Monitoring; 1; 16; 1000; 5.545; ExG16
2022-01-19 11:29:35.599; Monitoring; 1; 16; 1000; 5.545; ExG16
2022-01-19 11:30:36.371; Monitoring; 1; 16; 1000; 5.545; ExG16
2022-01-19 11:31:36.371; Monitoring; 1; 16; 1000; 5.545; ExG16
2022-01-19 11:32:37.081; Monitoring; 1; 16; 1000; 5.545; ExG16
2022-01-19 11:33:37.908; Saving; 1; 16; 1000; 5.542; ExG16
2022-01-19 11:34:38.672; Saving; 0; 16; 1000; 5.542; ExG16
2022-01-19 11:35:39.395; Saving; 0; 16; 1000; 5.542; ExG16
2022-01-19 11:36:39.464; Saving; 0; 16; 1000; 5.542; ExG16
2022-01-19 11:37:40.315; Saving; 0; 16; 1000; 5.542; ExG16
2022-01-19 11:38:41.112; Saving; 1; 16; 1000; 5.542; ExG16
2022-01-19 11:39:41.089; Saving; 1; 16; 1000; 5.542; ExG16
2022-01-19 11:40:41.623; Monitoring; 0; 16; 1000; 5.542; ExG16
2022-01-19 11:41:41.614; Saving; 1; 16; 1000; 5.544; ExG16
2022-01-19 11:42:41.657; Saving; 1; 16; 1000; 5.544; ExG16
2022-01-19 11:43:42.355; Monitoring; 0; 16; 1000; 5.544; ExG16
2022-01-20 11:11:57.589; ImpedanceCheck; 0; 16; 2500; 5.543; BA DC
2022-01-20 11:13:00.061; ImpedanceCheck; 0; 16; 2500; 5.538; BA DC
2022-01-20 11:16:49.450; ImpedanceCheck; 0; 15; 2500; 5.542; BA DC
2022-01-20 11:17:51.773; ImpedanceCheck; 0; 15; 2500; 5.541; BA DC
2022-01-20 11:18:54.270; ImpedanceCheck; 0; 15; 2500; 5.541; BA DC
2022-01-20 11:19:56.648; ImpedanceCheck; 0; 15; 2500; 5.541; BA DC
2022-01-20 11:20:58.971; ImpedanceCheck; 0; 15; 2500; 5.541; BA DC
2022-01-20 11:22:01.349; ImpedanceCheck; 0; 15; 2500; 5.541; BA DC
2022-01-20 11:23:03.831; ImpedanceCheck; 0; 15; 2500; 5.541; BA DC
2022-01-20 11:24:06.167; ImpedanceCheck; 0; 15; 2500; 5.540; BA DC
2022-01-20 11:25:08.646; ImpedanceCheck; 0; 15; 2500; 5.540; BA DC
2022-01-20 11:26:10.943; ImpedanceCheck; 0; 15; 2500; 5.540; BA DC
2022-01-20 11:27:13.415; ImpedanceCheck; 0; 15; 2500; 5.540; BA DC
2022-01-20 11:28:15.714; ImpedanceCheck; 0; 15; 2500; 5.540; BA DC
2022-01-20 11:29:18.134; ImpedanceCheck; 0; 15; 2500; 5.540; BA DC
2022-01-20 11:30:20.627; ImpedanceCheck; 0; 15; 2500; 5.540; BA DC
2022-01-20 11:31:22.941; ImpedanceCheck; 0; 15; 2500; 5.540; BA DC
2022-01-20 11:32:25.352; ImpedanceCheck; 0; 15; 2500; 5.540; BA DC
2022-01-20 11:33:27.816; ImpedanceCheck; 0; 15; 2500; 5.540; BA DC
2022-01-20 11:34:30.149; ImpedanceCheck; 0; 15; 2500; 5.540; BA DC
2022-01-20 11:35:32.618; ImpedanceCheck; 0; 15; 2500; 5.540; BA DC
2022-01-20 11:37:39.546; ImpedanceCheck; 0; 15; 2500; 5.541; BA DC
2022-01-20 11:38:45.898; Test signal; 0; 15; 2500; 5.541; BA DC
2022-01-20 11:39:48.257; ImpedanceCheck; 0; 15; 2500; 5.542; BA DC
2022-01-20 11:40:48.747; Test signal; 0; 15; 2500; 5.540; BA DC
2022-01-20 11:42:02.966; ImpedanceCheck; 0; 15; 2500; 5.541; BA DC
2022-01-20 11:43:05.288; ImpedanceCheck; 0; 15; 2500; 5.540; BA DC
2022-01-20 11:44:05.331; Test signal; 1; 15; 2500; 5.540; BA DC
2022-01-20 11:45:06.068; Test signal; 0; 15; 2500; 5.540; BA DC
2022-01-20 11:46:11.480; ImpedanceCheck; 0; 15; 2500; 5.540; BA DC
2022-01-20 11:47:13.936; ImpedanceCheck; 0; 15; 2500; 5.540; BA DC
2022-01-20 11:48:16.249; ImpedanceCheck; 0; 15; 2500; 5.540; BA DC
2022-01-20 11:49:18.702; ImpedanceCheck; 0; 15; 2500; 5.540; BA DC
2022-01-20 11:58:33.054; ImpedanceCheck; 0; 15; 2500; 5.543; BA DC
2022-01-20 11:59:33.733; Test signal; 0; 15; 2500; 5.543; BA DC
2022-01-20 12:00:33.732; Test signal; 0; 15; 2500; 5.543; BA DC
2022-01-20 12:01:34.462; Saving Test signal; 1; 15; 2500; 5.543; BA DC
2022-01-20 12:02:34.607; Saving Test signal; 0; 15; 2500; 5.543; BA DC
2022-01-26 16:55:07.966; Monitoring; 1; 32; 500; 6.500; BA DC
2022-01-26 16:56:48.315; Test signal; 1; 32; 500; 6.500; BA DC
2022-01-26 16:57:49.110; Test signal; 1; 32; 500; 6.500; BA DC
2022-01-26 16:58:49.977; Test signal; 1; 32; 500; 6.500; BA DC
2022-01-26 16:59:50.718; Saving Test signal; 0; 32; 500; 6.500; BA DC
2022-01-31 11:28:54.775; Monitoring; 0; 32; 5000; 6.500; BA DC
2022-01-31 11:29:54.837; Monitoring; 0; 32; 5000; 5.544; BA DC
2022-01-31 11:40:45.698; Monitoring; 1; 32; 5000; 5.544; BA DC
2022-01-31 11:41:46.503; Monitoring; 1; 32; 5000; 5.545; BA DC
2022-01-31 11:42:46.608; Monitoring; 0; 32; 5000; 5.545; BA DC
2022-01-31 11:43:47.405; Monitoring; 1; 32; 5000; 5.545; BA DC
2022-01-31 11:44:48.151; Monitoring; 1; 32; 5000; 5.545; BA DC
2022-01-31 11:45:48.212; Monitoring; 0; 32; 5000; 5.545; BA DC
2022-01-31 11:46:48.966; Monitoring; 1; 32; 5000; 5.545; BA DC
2022-01-31 11:47:49.014; Monitoring; 1; 32; 5000; 5.545; BA DC
2022-01-31 11:48:49.828; Monitoring; 1; 32; 5000; 5.545; BA DC
2022-01-31 11:49:49.839; Monitoring; 1; 32; 5000; 5.545; BA DC
2022-01-31 11:54:14.150; Monitoring; 0; 32; 5000; 5.536; BA DC
2022-01-31 11:57:56.316; Monitoring; 0; 32; 5000; 5.536; BA DC
2022-01-31 11:58:56.327; Monitoring; 0; 32; 5000; 5.544; BA DC
2022-01-31 11:59:57.073; Monitoring; 1; 32; 5000; 5.544; BA DC
2022-01-31 12:00:57.090; Monitoring; 1; 32; 5000; 5.544; BA DC
2022-01-31 12:21:09.188; Monitoring; 1; 32; 5000; 5.544; BA DC
2022-01-31 12:22:28.061; Monitoring; 1; 32; 5000; 5.544; BA DC
2022-01-31 12:40:45.582; Monitoring; 1; 32; 5000; 5.544; BA DC
2022-01-31 12:41:46.261; Monitoring; 0; 32; 5000; 5.544; BA DC
2022-01-31 12:42:46.421; Monitoring; 1; 32; 5000; 5.544; BA DC
2022-01-31 12:43:46.422; Monitoring; 1; 32; 5000; 5.544; BA DC
2022-01-31 12:44:46.416; Monitoring; 0; 32; 5000; 5.544; BA DC
2022-01-31 12:45:47.188; Saving; 1; 32; 5000; 5.544; BA DC
2022-01-31 12:48:21.925; Monitoring; 0; 32; 5000; 5.544; BA DC
2022-01-31 12:49:21.019; Monitoring; 0; 32; 5000; 5.544; BA DC
2022-01-31 12:53:00.608; Monitoring; 1; 32; 5000; 5.544; BA DC
2022-01-31 12:54:00.674; Monitoring; 0; 32; 5000; 5.544; BA DC
2022-01-31 12:55:00.705; Monitoring; 1; 32; 5000; 5.544; BA DC
2022-02-02 11:30:09.929; ImpedanceCheck; 0; 32; 5000; 5.544; BA DC
2022-02-02 11:31:49.976; ImpedanceCheck; 0; 32; 5000; 5.544; BA DC
2022-02-02 11:32:50.845; ImpedanceCheck; 0; 32; 5000; 5.535; BA DC
2022-02-02 11:33:51.027; Monitoring; 1; 32; 5000; 5.535; BA DC
2022-02-02 11:34:51.113; ImpedanceCheck; 0; 32; 5000; 5.542; BA DC
2022-02-02 11:35:54.340; ImpedanceCheck; 0; 32; 5000; 5.541; BA DC
2022-02-02 11:43:11.336; ImpedanceCheck; 0; 32; 5000; 5.544; BA DC
2022-02-02 11:44:16.660; ImpedanceCheck; 0; 32; 5000; 5.542; BA DC
2022-02-02 11:45:19.433; ImpedanceCheck; 0; 32; 5000; 5.543; BA DC
2022-02-02 11:46:21.760; ImpedanceCheck; 0; 32; 5000; 5.543; BA DC
2022-02-02 11:48:48.431; ImpedanceCheck; 0; 32; 5000; 5.543; BA DC
2022-02-02 11:49:52.160; ImpedanceCheck; 0; 32; 5000; 5.542; BA DC
2022-02-02 12:40:49.122; ImpedanceCheck; 0; 32; 5000; 5.544; BA DC
2022-02-02 15:30:49.988; Monitoring; 1; 32; 5000; 5.544; BA DC
2022-02-02 15:36:07.019; Monitoring; 1; 32; 5000; 5.537; BA DC
2022-02-02 15:40:54.040; Monitoring; 1; 32; 5000; 5.535; BA DC
2022-02-02 15:41:54.105; Monitoring; 1; 32; 5000; 5.541; BA DC
2022-02-02 15:42:54.906; Monitoring; 1; 32; 5000; 5.540; BA DC
2022-02-02 15:43:55.678; Monitoring; 1; 32; 5000; 5.539; BA DC
2022-02-07 11:48:28.799; Monitoring; 1; 32; 5000; 5.545; BA DC
2022-02-07 11:49:28.884; Monitoring; 0; 32; 5000; 5.545; BA DC
2022-02-07 11:50:29.152; Monitoring; 0; 32; 5000; 5.545; BA DC
2022-02-07 11:52:11.177; Monitoring; 1; 32; 5000; 5.545; BA DC
2022-02-07 11:53:11.204; Monitoring; 1; 32; 5000; 5.545; BA DC
2022-02-07 11:54:58.608; Monitoring; 1; 32; 5000; 5.545; BA DC
2022-02-07 11:55:59.110; Monitoring; 0; 32; 5000; 5.545; BA DC
2022-02-07 12:08:27.737; Monitoring; 0; 32; 5000; 5.545; BA DC
2022-02-07 12:13:02.335; Monitoring; 1; 32; 5000; 5.545; BA DC
2022-02-07 12:14:02.398; Monitoring; 0; 32; 5000; 5.545; BA DC
2022-02-07 12:15:03.069; Monitoring; 1; 32; 5000; 5.545; BA DC
2022-02-07 12:16:03.177; Monitoring; 1; 32; 5000; 5.545; BA DC
2022-02-07 12:17:03.247; Monitoring; 0; 32; 5000; 5.545; BA DC
2022-02-07 12:18:21.426; Monitoring; 0; 32; 5000; 5.545; BA DC
2022-02-07 12:23:29.987; Monitoring; 1; 32; 5000; 5.545; BA DC
2022-02-07 12:24:34.697; Monitoring; 1; 32; 5000; 5.545; BA DC
2022-02-07 12:25:34.770; Monitoring; 1; 32; 5000; 5.545; BA DC
2022-02-07 12:26:34.785; Monitoring; 1; 32; 5000; 5.545; BA DC
2022-02-07 12:27:35.572; Monitoring; 0; 32; 5000; 5.545; BA DC
2022-02-07 12:28:35.569; Monitoring; 0; 32; 5000; 5.539; BA DC
2022-02-07 12:29:35.608; Monitoring; 1; 32; 5000; 5.539; BA DC
2022-02-07 12:30:35.604; Monitoring; 0; 32; 5000; 5.539; BA DC
2022-02-07 12:31:36.442; Monitoring; 1; 32; 5000; 5.539; BA DC
2022-02-07 12:32:37.238; Monitoring; 0; 32; 5000; 5.539; BA DC
2022-02-07 12:33:37.256; Monitoring; 0; 32; 5000; 5.539; BA DC
2022-02-07 12:34:37.963; Monitoring; 0; 32; 5000; 5.539; BA DC
2022-02-07 12:35:38.022; Monitoring; 0; 32; 5000; 5.539; BA DC
2022-02-07 12:36:38.766; Monitoring; 0; 32; 5000; 5.539; BA DC
2022-02-07 12:37:38.766; Monitoring; 0; 32; 5000; 5.539; BA DC
2022-02-07 12:38:38.767; Monitoring; 0; 32; 5000; 5.539; BA DC
2022-02-07 12:39:38.842; Monitoring; 1; 32; 5000; 5.539; BA DC
2022-02-07 12:40:39.445; Monitoring; 0; 32; 5000; 5.539; BA DC
2022-02-07 12:41:39.479; Monitoring; 0; 32; 5000; 5.539; BA DC
2022-02-07 12:42:39.509; Monitoring; 1; 32; 5000; 5.539; BA DC
2022-02-07 12:43:39.569; Monitoring; 1; 32; 5000; 5.539; BA DC
2022-02-07 12:47:50.756; Monitoring; 0; 32; 5000; 5.539; BA DC
2022-02-07 12:48:50.986; Monitoring; 1; 32; 5000; 5.539; BA DC
2022-02-07 12:49:51.758; Monitoring; 0; 32; 5000; 5.539; BA DC
2022-02-07 12:50:51.809; Monitoring; 0; 32; 5000; 5.539; BA DC
2022-02-07 12:51:52.515; Monitoring; 0; 32; 5000; 5.539; BA DC
2022-02-07 12:52:52.517; Monitoring; 0; 32; 5000; 5.539; BA DC
2022-02-07 12:53:53.303; Monitoring; 1; 32; 5000; 5.539; BA DC
2022-02-07 12:54:53.387; Monitoring; 1; 32; 5000; 5.539; BA DC
2022-02-07 12:55:54.129; Monitoring; 1; 32; 5000; 5.539; BA DC
2022-02-07 12:56:54.925; Monitoring; 1; 32; 5000; 5.539; BA DC
2022-02-07 13:00:16.071; Monitoring; 0; 32; 5000; 5.539; BA DC
2022-02-07 13:01:16.874; Monitoring; 0; 32; 5000; 5.539; BA DC
2022-02-07 13:02:17.600; Monitoring; 0; 32; 5000; 5.539; BA DC
2022-02-07 13:03:30.254; Monitoring; 1; 32; 5000; 5.539; BA DC
2022-02-07 13:04:30.307; Monitoring; 0; 32; 5000; 5.539; BA DC
2022-02-07 13:05:31.052; Monitoring; 1; 32; 5000; 5.542; BA DC
2022-02-07 13:06:31.130; Monitoring; 1; 32; 5000; 5.542; BA DC
2022-02-07 13:07:31.593; Monitoring; 1; 32; 5000; 5.542; BA DC
2022-02-07 13:12:29.741; Monitoring; 0; 32; 5000; 5.542; BA DC
2022-02-07 13:14:34.386; Monitoring; 0; 32; 5000; 5.542; BA DC
2022-02-07 13:15:34.914; Monitoring; 1; 32; 5000; 5.542; BA DC
2022-02-07 13:16:34.939; Monitoring; 0; 32; 5000; 5.542; BA DC
2022-02-07 13:17:45.623; Monitoring; 1; 32; 5000; 5.542; BA DC
2022-02-07 13:35:13.798; Monitoring; 1; 32; 5000; 5.543; BA DC
2022-02-07 13:36:13.816; Monitoring; 1; 32; 5000; 5.543; BA DC
2022-02-07 13:37:14.620; Monitoring; 0; 32; 5000; 5.543; BA DC
2022-02-07 13:40:31.271; Monitoring; 1; 32; 5000; 5.543; BA DC
2022-02-07 13:41:31.279; Monitoring; 0; 32; 5000; 5.543; BA DC
2022-02-07 13:43:57.931; Monitoring; 0; 32; 5000; 5.543; BA DC
2022-02-07 13:44:57.995; Monitoring; 0; 32; 5000; 5.543; BA DC
2022-02-07 13:45:58.748; Monitoring; 0; 32; 5000; 5.543; BA DC
2022-02-07 13:46:58.813; Monitoring; 1; 32; 5000; 5.543; BA DC
2022-02-07 15:23:07.389; ImpedanceCheck; 0; 32; 5000; 5.534; BA DC
2022-02-07 16:01:56.375; Monitoring; 1; 32; 5000; 5.539; BA DC
2022-02-07 16:02:56.465; Monitoring; 1; 32; 5000; 5.536; BA DC
2022-02-07 16:03:57.351; Monitoring; 1; 32; 5000; 5.536; BA DC
2022-02-07 16:04:58.081; Monitoring; 0; 32; 5000; 5.536; BA DC
2022-02-07 16:06:29.936; Monitoring; 1; 32; 5000; 5.538; BA DC
2022-02-07 16:07:29.955; Monitoring; 1; 32; 5000; 5.536; BA DC
2022-02-07 16:08:29.950; Monitoring; 1; 32; 5000; 5.535; BA DC
2022-02-07 16:09:38.686; Monitoring; 1; 32; 5000; 5.537; BA DC
2022-02-07 16:10:39.424; Monitoring; 0; 32; 5000; 5.535; BA DC
2022-02-07 16:11:39.991; Monitoring; 1; 32; 5000; 5.536; BA DC
2022-02-07 16:12:40.027; Monitoring; 1; 32; 5000; 5.535; BA DC
2022-02-08 13:24:24.197; Test signal; 1; 32; 5000; 6.500; BA DC
2022-02-08 13:25:24.582; Test signal; 1; 32; 5000; 5.538; BA DC
2022-02-17 11:43:30.756; Monitoring; 1; 32; 1000; 6.500; BA DC
2022-02-17 11:44:31.511; Monitoring; 1; 32; 1000; 6.500; BA DC
2022-02-17 11:45:31.572; Monitoring; 1; 32; 1000; 6.500; BA DC
2022-02-17 11:46:31.571; Monitoring; 1; 32; 1000; 6.500; BA DC
2022-02-17 11:47:32.362; Monitoring; 1; 32; 1000; 6.500; BA DC
2022-02-17 11:48:33.094; Monitoring; 1; 32; 1000; 6.500; BA DC
2022-02-17 11:49:33.156; Monitoring; 1; 32; 1000; 6.500; BA DC
2022-02-17 11:50:33.851; Monitoring; 1; 32; 1000; 5.532; BA DC
2022-02-17 11:51:33.867; Monitoring; 1; 32; 1000; 5.532; BA DC
2022-02-17 11:52:33.899; Monitoring; 0; 32; 1000; 5.532; BA DC
2022-02-17 11:53:33.914; Monitoring; 1; 32; 1000; 5.532; BA DC
2022-02-17 11:54:34.689; Monitoring; 1; 32; 1000; 5.532; BA DC
2022-02-17 11:55:35.527; Saving; 0; 32; 1000; 5.526; BA DC
2022-02-17 11:56:36.322; Saving; 0; 32; 1000; 5.526; BA DC
2022-02-17 16:59:49.560; Monitoring; 1; 32; 1000; 5.526; BA DC
2022-02-17 17:00:49.565; Monitoring; 1; 32; 1000; 5.526; BA DC
2022-02-17 17:01:50.419; Monitoring; 0; 32; 1000; 5.526; BA DC
2022-02-22 14:03:49.325; ImpedanceCheck; 0; 32; 500; 5.542; BA DC
2022-02-22 14:04:51.723; ImpedanceCheck; 0; 32; 500; 5.542; BA DC
2022-02-22 14:06:56.500; Monitoring; 0; 32; 500; 5.543; BA DC
2022-02-22 14:38:30.277; Monitoring; 1; 32; 500; 6.500; BA DC
2022-03-01 10:20:18.455; Monitoring; 0; 32; 250; 6.500; BA DC
2022-03-22 16:55:54.142; Monitoring; 1; 32; 5000; 5.544; BA DC
2022-03-25 12:14:11.223; ImpedanceCheck; 0; 32; 500; 5.542; BA DC
2022-03-25 12:15:11.971; Monitoring; 0; 32; 500; 5.544; BA DC
2022-03-25 13:09:48.394; ImpedanceCheck; 0; 64; 5000; 5.538, 5.550; BA DC, BA DC
2022-03-25 13:10:51.174; ImpedanceCheck; 0; 64; 5000; 5.538, 5.550; BA DC, BA DC
2022-03-25 13:11:53.494; ImpedanceCheck; 0; 64; 5000; 5.534, 5.547; BA DC, BA DC
2022-03-25 13:12:55.846; ImpedanceCheck; 0; 64; 5000; 5.537, 5.550; BA DC, BA DC
2022-03-25 13:13:58.323; ImpedanceCheck; 0; 64; 5000; 5.536, 5.549; BA DC, BA DC
2022-03-25 13:14:58.398; Test signal; 1; 64; 5000; 5.534, 5.547; BA DC, BA DC
2022-03-25 13:15:58.505; Test signal; 2; 64; 5000; 5.534, 5.546; BA DC, BA DC
2022-03-25 13:18:12.519; ImpedanceCheck; 0; 64; 5000; 5.535, 5.548; BA DC, BA DC
2022-03-25 13:19:12.857; Test signal; 1; 64; 5000; 5.534, 5.547; BA DC, BA DC
2022-03-25 13:20:22.678; ImpedanceCheck; 0; 64; 5000; 5.534, 5.547; BA DC, BA DC
2022-03-25 13:21:25.008; ImpedanceCheck; 0; 64; 5000; 5.533, 5.546; BA DC, BA DC
2022-03-25 13:22:25.366; Test signal; 1; 64; 5000; 5.534, 5.546; BA DC, BA DC
2022-03-25 13:23:25.471; Test signal; 2; 64; 5000; 5.533, 5.546; BA DC, BA DC
2022-03-25 13:27:16.294; ImpedanceCheck; 0; 64; 5000; 5.535, 5.548; BA DC, BA DC
2022-03-25 13:28:17.002; Test signal; 2; 64; 5000; 5.534, 5.547; BA DC, BA DC
2022-03-25 13:31:54.712; ImpedanceCheck; 0; 64; 500; 5.535, 5.548; BA DC, BA DC
2022-03-25 13:32:55.980; ImpedanceCheck; 0; 64; 500; 5.534, 5.545; BA DC, BA DC
2022-03-25 13:33:58.310; ImpedanceCheck; 0; 64; 500; 5.533, 5.544; BA DC, BA DC
2022-03-25 13:34:58.904; Test signal; 2; 64; 500; 5.534, 5.547; BA DC, BA DC
2022-03-25 13:35:59.004; Saving Test signal; 1; 64; 500; 5.533, 5.545; BA DC, BA DC
2022-03-25 13:37:12.236; ImpedanceCheck; 0; 64; 500; 5.530, 5.547; BA DC, BA DC
2022-03-25 13:38:12.896; Test signal; 1; 64; 500; 5.512, 5.546; BA DC, BA DC
2022-03-25 13:39:12.994; Saving Test signal; 1; 64; 500; 5.532, 5.546; BA DC, BA DC
2022-03-25 13:41:13.805; ImpedanceCheck; 0; 64; 500; 5.534, 5.547; BA DC, BA DC
2022-03-25 13:42:26.738; ImpedanceCheck; 0; 64; 500; 5.534, 5.544; BA DC, BA DC
2022-03-25 13:43:29.150; ImpedanceCheck; 0; 64; 500; 5.533, 5.542; BA DC, BA DC
2022-03-25 13:45:47.177; ImpedanceCheck; 0; 32; 500; 5.535; BA DC
2022-03-25 13:46:47.278; Saving Test signal; 1; 32; 500; 5.535; BA DC
2022-03-25 13:47:53.031; ImpedanceCheck; 0; 32; 500; 5.549; BA DC
2022-03-25 13:48:53.759; Test signal; 0; 32; 500; 5.549; BA DC
2022-03-25 13:50:20.858; ImpedanceCheck; 0; 32; 500; 5.549; BA DC
2022-03-25 13:51:21.694; ImpedanceCheck; 0; 32; 500; 5.549; BA DC
2022-03-25 13:53:21.078; ImpedanceCheck; 0; 32; 500; 5.542; BA DC
2022-03-25 13:54:25.092; ImpedanceCheck; 0; 32; 500; 5.541; BA DC
2022-03-25 13:56:07.975; ImpedanceCheck; 0; 64; 5000; 5.541, 5.536; BA DC, BA DC
2022-03-25 13:57:15.264; ImpedanceCheck; 0; 32; 500; 5.543; BA DC
2022-03-25 13:58:37.540; ImpedanceCheck; 0; 32; 500; 5.542; BA DC
2022-03-25 13:59:43.772; ImpedanceCheck; 0; 64; 5000; 5.540, 5.542; BA DC, BA DC
2022-03-25 14:00:43.950; Test signal; 2; 64; 5000; 5.539, 5.544; BA DC, BA DC
2022-03-25 14:01:44.645; Test signal; 2; 64; 5000; 5.539, 5.544; BA DC, BA DC
2022-03-25 14:03:58.555; ImpedanceCheck; 0; 32; 5000; 5.543; BA DC
2022-03-25 14:05:02.388; ImpedanceCheck; 0; 32; 5000; 5.541; BA DC
2022-03-25 14:06:05.311; ImpedanceCheck; 0; 32; 5000; 5.540; BA DC
2022-03-25 14:07:08.236; ImpedanceCheck; 0; 32; 5000; 5.540; BA DC
2022-03-25 14:50:57.582; ImpedanceCheck; 0; 32; 5000; 5.544; BA DC
2022-03-28 15:52:21.525; ImpedanceCheck; 0; 32; 5000; 5.541; BA DC
2022-03-28 15:53:21.580; Test signal; 1; 32; 5000; 5.540; BA DC
2022-03-28 15:54:21.614; Test signal; 1; 32; 5000; 5.540; BA DC
2022-03-28 15:55:21.614; Test signal; 1; 32; 5000; 5.540; BA DC
2022-03-30 15:33:36.389; Monitoring; 1; 32; 5000; 5.545; BA DC
2022-03-30 15:34:36.484; Monitoring; 0; 32; 5000; 5.543; BA DC
2022-03-30 15:35:37.152; Monitoring; 0; 32; 5000; 5.542; BA DC
2022-03-30 15:36:37.236; Monitoring; 0; 32; 5000; 5.542; BA DC
2022-03-30 15:37:37.245; Saving; 0; 32; 5000; 5.542; BA DC
2022-03-31 11:40:09.995; ImpedanceCheck; 0; 32; 500; 5.541; BA DC
2022-03-31 11:41:10.450; Test signal; 1; 32; 500; 5.540; BA DC
2022-03-31 11:42:10.504; Test signal; 1; 32; 500; 5.540; BA DC
2022-03-31 11:43:10.561; Test signal; 1; 32; 500; 5.540; BA DC
2022-04-04 13:45:15.223; Monitoring; 0; 32; 5000; 5.546; BA DC
2022-04-04 13:46:15.681; Test signal; 1; 32; 5000; 5.543; BA DC
2022-04-12 10:56:18.768; Monitoring; 1; 32; 500; 6.500; BA DC
2022-04-12 10:57:19.470; Monitoring; 0; 32; 5000; 6.500; BA DC
2022-04-12 10:58:27.579; Monitoring; 0; 32; 5000; 6.500; BA DC
2022-04-12 11:00:19.441; Monitoring; 0; 32; 5000; 6.500; BA DC
2022-04-12 12:15:30.841; ImpedanceCheck; 0; 32; 1000; 5.525; BA DC
2022-04-12 12:16:37.119; ImpedanceCheck; 0; 32; 1000; 5.526; BA DC
2022-04-12 12:17:39.624; ImpedanceCheck; 0; 32; 1000; 5.526; BA DC
2022-04-12 12:18:42.706; ImpedanceCheck; 0; 32; 1000; 5.526; BA DC
2022-04-12 12:19:42.830; Test signal; 0; 32; 1000; 5.525; BA DC
2022-04-12 12:20:43.489; Test signal; 0; 32; 1000; 5.525; BA DC
2022-04-12 12:21:43.583; Saving Test signal; 1; 32; 1000; 5.526; BA DC
2022-04-12 12:22:43.851; Test signal; 1; 32; 1000; 5.526; BA DC
2022-04-12 12:23:44.204; Test signal; 1; 32; 1000; 5.525; BA DC
2022-04-12 12:24:44.221; Saving Test signal; 0; 32; 1000; 5.525; BA DC
2022-04-12 12:30:43.553; ImpedanceCheck; 0; 32; 1000; 5.525; BA DC
2022-04-12 12:31:46.026; ImpedanceCheck; 0; 32; 1000; 5.526; BA DC
2022-04-12 12:32:48.953; ImpedanceCheck; 0; 32; 1000; 5.526; BA DC
2022-04-12 12:33:51.291; ImpedanceCheck; 0; 32; 1000; 5.526; BA DC
2022-04-12 12:34:51.560; Test signal; 1; 32; 1000; 5.525; BA DC
2022-04-12 12:35:51.666; Saving Test signal; 1; 32; 1000; 5.525; BA DC
2022-04-12 12:39:36.769; ImpedanceCheck; 0; 32; 1000; 5.526; BA DC
2022-04-12 12:40:40.641; ImpedanceCheck; 0; 32; 1000; 5.526; BA DC
2022-04-12 12:41:40.980; Test signal; 1; 32; 1000; 5.526; BA DC
2022-04-12 12:42:41.022; Test signal; 0; 32; 1000; 5.526; BA DC
2022-04-12 12:43:41.098; Saving Test signal; 1; 32; 1000; 5.526; BA DC
2022-04-12 12:47:05.360; ImpedanceCheck; 0; 32; 1000; 5.526; BA DC
2022-04-12 12:48:09.077; ImpedanceCheck; 0; 32; 1000; 5.525; BA DC
2022-04-12 12:49:11.885; ImpedanceCheck; 0; 32; 1000; 5.526; BA DC
2022-04-12 12:50:11.965; Saving Test signal; 1; 32; 1000; 5.526; BA DC
2022-04-12 12:52:47.645; ImpedanceCheck; 0; 32; 1000; 5.526; BA DC
2022-04-12 12:53:48.006; Test signal; 1; 32; 1000; 5.526; BA DC
2022-04-12 12:54:48.088; Test signal; 1; 32; 1000; 5.525; BA DC
2022-04-12 12:58:23.796; ImpedanceCheck; 0; 32; 1000; 5.526; BA DC
2022-04-12 12:59:26.266; ImpedanceCheck; 0; 32; 1000; 5.526; BA DC
2022-04-12 13:00:28.597; ImpedanceCheck; 0; 32; 1000; 5.526; BA DC
2022-04-12 13:01:29.107; Test signal; 1; 32; 1000; 5.526; BA DC
2022-04-12 13:02:31.900; Test signal; 1; 32; 1000; 5.526; BA DC
2022-04-12 13:03:31.952; Test signal; 1; 32; 1000; 5.525; BA DC
2022-04-12 13:04:32.030; Test signal; 1; 32; 1000; 5.525; BA DC
2022-04-12 13:05:32.769; Saving Test signal; 1; 32; 1000; 5.525; BA DC
2022-04-12 13:08:39.032; ImpedanceCheck; 0; 32; 1000; 5.526; BA DC
2022-04-12 13:09:39.532; Test signal; 0; 32; 1000; 5.526; BA DC
2022-04-12 13:10:40.275; Saving Test signal; 1; 32; 1000; 5.525; BA DC
2022-04-12 13:11:40.985; Test signal; 1; 32; 1000; 5.526; BA DC
2022-04-12 13:12:41.723; Saving Test signal; 1; 32; 1000; 5.525; BA DC
2022-04-12 13:17:19.434; ImpedanceCheck; 0; 32; 1000; 5.520; BA DC
2022-04-12 13:18:22.665; ImpedanceCheck; 0; 32; 1000; 5.520; BA DC
2022-04-12 13:19:23.473; Test signal; 1; 32; 1000; 5.526; BA DC
2022-04-12 13:20:23.533; Saving Test signal; 0; 32; 1000; 5.525; BA DC
2022-04-12 13:22:48.973; ImpedanceCheck; 0; 32; 1000; 5.526; BA DC
2022-04-12 13:23:49.648; Saving Test signal; 1; 32; 1000; 5.526; BA DC
2022-04-19 15:23:39.258; ImpedanceCheck; 0; 32; 5000; 5.525; BA DC
2022-04-19 15:24:43.399; ImpedanceCheck; 0; 32; 5000; 5.526; BA DC
2022-04-19 15:29:19.127; ImpedanceCheck; 0; 32; 1000; 5.525; BA DC
2022-04-19 15:30:23.102; ImpedanceCheck; 0; 32; 1000; 5.526; BA DC
2022-04-19 15:31:25.584; ImpedanceCheck; 0; 32; 1000; 5.526; BA DC
2022-04-19 15:32:27.911; ImpedanceCheck; 0; 32; 1000; 5.526; BA DC
2022-04-19 15:33:30.391; ImpedanceCheck; 0; 32; 1000; 5.526; BA DC
2022-04-19 15:34:31.029; Test signal; 1; 32; 1000; 5.526; BA DC
2022-04-19 15:35:31.834; Test signal; 1; 32; 1000; 5.526; BA DC
2022-04-19 15:38:27.151; ImpedanceCheck; 0; 32; 1000; 5.526; BA DC
2022-04-19 15:39:27.184; Test signal; 1; 32; 1000; 5.526; BA DC
2022-04-19 15:40:27.960; Test signal; 1; 32; 1000; 5.526; BA DC
2022-04-19 15:41:27.975; Test signal; 0; 32; 1000; 5.526; BA DC
2022-04-19 15:42:28.049; Test signal; 0; 32; 1000; 5.526; BA DC
2022-04-19 15:43:28.777; Test signal; 1; 32; 1000; 5.526; BA DC
2022-04-19 15:44:36.525; ImpedanceCheck; 0; 32; 1000; 5.525; BA DC
2022-04-19 15:45:39.012; ImpedanceCheck; 0; 32; 1000; 5.525; BA DC
2022-04-19 15:46:41.337; ImpedanceCheck; 0; 32; 1000; 5.525; BA DC
2022-04-19 15:47:45.260; ImpedanceCheck; 0; 32; 1000; 5.525; BA DC
2022-04-19 15:48:47.594; ImpedanceCheck; 0; 32; 1000; 5.525; BA DC
2022-04-19 15:49:50.071; ImpedanceCheck; 0; 32; 1000; 5.525; BA DC
2022-04-19 15:50:52.408; ImpedanceCheck; 0; 32; 1000; 5.525; BA DC
2022-04-19 15:51:54.879; ImpedanceCheck; 0; 32; 1000; 5.525; BA DC
2022-04-19 15:52:57.959; ImpedanceCheck; 0; 32; 1000; 5.525; BA DC
2022-04-19 15:54:00.289; ImpedanceCheck; 0; 32; 1000; 5.525; BA DC
2022-04-19 15:55:02.778; ImpedanceCheck; 0; 32; 1000; 5.525; BA DC
2022-04-19 15:56:05.108; ImpedanceCheck; 0; 32; 1000; 5.525; BA DC
2022-04-19 15:57:07.597; ImpedanceCheck; 0; 32; 1000; 5.525; BA DC
2022-04-19 15:58:09.929; ImpedanceCheck; 0; 32; 1000; 5.525; BA DC
2022-04-19 15:59:12.400; ImpedanceCheck; 0; 32; 1000; 5.525; BA DC
2022-04-19 16:00:14.733; ImpedanceCheck; 0; 32; 1000; 5.525; BA DC
2022-04-19 16:10:58.119; ImpedanceCheck; 0; 48; 1000; 5.526, 5.534; BA DC, ExG16
2022-04-19 16:12:29.037; ImpedanceCheck; 0; 48; 1000; 5.526, 5.534; BA DC, ExG16
2022-04-19 16:13:37.361; ImpedanceCheck; 0; 48; 1000; 5.526, 5.534; BA DC, ExG16
2022-04-19 16:14:46.016; ImpedanceCheck; 0; 48; 1000; 5.525, 5.534; BA DC, ExG16
2022-04-19 16:15:54.675; ImpedanceCheck; 0; 48; 1000; 5.525, 5.534; BA DC, ExG16
2022-04-19 16:17:03.326; ImpedanceCheck; 0; 48; 1000; 5.525, 5.534; BA DC, ExG16
2022-04-21 11:30:35.424; Monitoring; 0; 16; 1000; 6.500; ExG16
2022-04-21 11:32:33.021; Monitoring; 0; 16; 1000; 5.528; ExG16
2022-05-25 13:29:34.488; ImpedanceCheck; 0; 32; 5000; 5.525; BA DC
2022-05-25 13:30:34.829; Test signal; 0; 32; 5000; 5.525; BA DC
2022-05-25 13:31:34.871; Saving Test signal; 1; 32; 5000; 5.525; BA DC
2022-05-25 13:37:59.156; Monitoring; 1; 32; 5000; 5.515; BA DC
2022-05-25 13:38:59.673; Monitoring; 0; 32; 5000; 5.525; BA DC
2022-05-25 13:40:00.394; Monitoring; 1; 32; 5000; 5.525; BA DC
2022-05-25 13:41:00.489; Monitoring; 1; 32; 5000; 5.525; BA DC
2022-05-25 13:42:00.519; Monitoring; 1; 32; 5000; 5.525; BA DC
2022-05-25 13:43:01.311; Monitoring; 1; 32; 5000; 5.525; BA DC
2022-05-25 13:44:01.994; Monitoring; 1; 32; 5000; 5.525; BA DC
2022-05-25 13:46:13.462; Monitoring; 1; 32; 5000; 5.526; BA DC
2022-05-25 13:47:13.516; Saving; 0; 32; 5000; 5.525; BA DC
2022-05-25 14:57:40.727; ImpedanceCheck; 0; 32; 5000; 5.525; BA DC
2022-05-25 14:58:48.594; Test signal; 1; 32; 1000; 5.528; BA DC
2022-05-25 14:59:49.371; Saving Test signal; 1; 32; 1000; 5.528; BA DC
2022-05-25 15:02:21.459; ImpedanceCheck; 0; 32; 1000; 5.525; BA DC
2022-05-25 15:03:21.990; Test signal; 0; 32; 1000; 5.525; BA DC
2022-05-25 15:04:22.676; Test signal; 0; 32; 1000; 5.525; BA DC
2022-05-25 15:05:22.811; Test signal; 1; 32; 1000; 5.525; BA DC
2022-05-26 16:02:36.553; ImpedanceCheck; 0; 32; 5000; 5.528; BA DC
2022-05-26 16:03:36.911; Test signal; 0; 32; 5000; 5.528; BA DC
2022-05-26 16:05:14.584; ImpedanceCheck; 0; 32; 5000; 5.540; BA DC
2022-05-26 16:06:14.752; Saving Test signal; 1; 32; 5000; 5.539; BA DC
2022-05-26 16:10:57.844; Monitoring; 0; 16; 1000; 6.500; ExG16
2022-05-26 16:12:22.428; Monitoring; 0; 16; 1000; 6.500; ExG16
2022-05-26 16:13:43.223; Monitoring; 1; 1; 1000; 6.500; ExG16
2022-05-26 16:14:43.265; Monitoring; 1; 16; 1000; 6.500; ExG16
2022-05-27 12:06:43.313; Test signal; 1; 32; 5000; 5.555; BA DC
2022-05-27 12:17:31.906; Test signal; 1; 32; 5000; 5.510; BA DC
2022-05-27 13:43:39.405; ImpedanceCheck; 0; 32; 5000; 5.525; BA DC
2022-05-27 13:44:39.909; Test signal; 1; 32; 5000; 5.525; BA DC
2022-05-27 13:45:40.602; Test signal; 1; 32; 5000; 5.525; BA DC
2022-05-27 13:46:40.584; Test signal; 1; 32; 5000; 5.525; BA DC
2022-05-27 13:47:40.612; Test signal; 1; 32; 5000; 5.525; BA DC
2022-05-27 13:48:40.616; Test signal; 1; 32; 5000; 5.525; BA DC
2022-05-27 13:49:41.453; Test signal; 0; 32; 5000; 5.525; BA DC
2022-05-27 13:50:42.231; Test signal; 0; 32; 5000; 5.525; BA DC
2022-05-31 12:44:52.075; ImpedanceCheck; 0; 32; 1000; 5.526; BA DC
2022-05-31 12:45:55.180; ImpedanceCheck; 0; 32; 1000; 5.525; BA DC
2022-05-31 12:46:57.866; ImpedanceCheck; 0; 32; 5000; 5.525; BA DC
2022-05-31 12:48:00.205; ImpedanceCheck; 0; 32; 5000; 5.525; BA DC
2022-05-31 12:49:02.693; ImpedanceCheck; 0; 32; 5000; 5.525; BA DC
2022-05-31 12:50:05.037; ImpedanceCheck; 0; 32; 5000; 5.525; BA DC
2022-05-31 12:51:07.389; ImpedanceCheck; 0; 32; 5000; 5.525; BA DC
2022-05-31 12:52:09.891; ImpedanceCheck; 0; 32; 5000; 5.525; BA DC
2022-05-31 12:53:10.441; Test signal; 0; 32; 5000; 5.525; BA DC
2022-05-31 12:54:10.455; Test signal; 1; 32; 5000; 5.525; BA DC
2022-05-31 12:55:21.932; ImpedanceCheck; 0; 32; 5000; 5.525; BA DC
2022-05-31 12:56:22.470; Test signal; 0; 32; 5000; 5.525; BA DC
2022-05-31 12:57:23.197; Saving Test signal; 1; 32; 5000; 5.525; BA DC
2022-05-31 12:58:41.375; Test signal; 1; 32; 5000; 5.525; BA DC
2022-05-31 12:59:41.419; Saving Test signal; 1; 32; 5000; 5.525; BA DC
2022-06-02 11:18:04.312; Monitoring; 0; 32; 250; 6.500; BA DC
2022-06-02 11:19:04.415; Monitoring; 1; 32; 5000; 6.500; BA DC
2022-06-02 11:20:04.815; Test signal; 1; 32; 5000; 6.500; BA DC
2022-06-02 11:21:05.620; Test signal; 0; 32; 5000; 5.525; BA DC
2022-06-02 11:22:05.661; Test signal; 0; 32; 5000; 5.525; BA DC
2022-06-02 11:23:05.706; Test signal; 1; 32; 5000; 5.525; BA DC
2022-06-02 11:24:13.479; ImpedanceCheck; 0; 32; 5000; 5.525; BA DC
2022-06-02 11:25:15.945; ImpedanceCheck; 0; 32; 5000; 5.525; BA DC
2022-06-02 11:26:18.257; ImpedanceCheck; 0; 32; 5000; 5.525; BA DC
2022-06-02 11:27:38.712; ImpedanceCheck; 0; 64; 5000; 5.526, 5.538; BA DC, BA DC
2022-06-02 11:29:23.170; ImpedanceCheck; 0; 64; 5000; 5.526, 5.541; BA DC, BA DC
2022-06-02 11:30:23.987; Test signal; 2; 64; 5000; 5.525, 5.541; BA DC, BA DC
2022-06-02 11:31:43.242; ImpedanceCheck; 0; 64; 5000; 5.525, 5.539; BA DC, BA DC
2022-06-02 11:32:43.913; Test signal; 1; 64; 5000; 5.525, 5.540; BA DC, BA DC
2022-06-02 11:33:43.925; Test signal; 2; 64; 5000; 5.525, 5.540; BA DC, BA DC
2022-06-02 11:35:01.734; Test signal; 1; 64; 5000; 5.525, 5.539; BA DC, BA DC
2022-06-02 11:36:01.746; Test signal; 1; 64; 5000; 5.525, 5.540; BA DC, BA DC
2022-06-02 11:37:02.558; Saving Test signal; 2; 64; 5000; 5.525, 5.540; BA DC, BA DC
2022-06-08 10:57:37.506; Monitoring; 0; 1; 1000; 5.534; ExG16
2022-06-08 10:58:37.975; Monitoring; 0; 16; 1000; 5.534; ExG16
2022-06-08 10:59:38.776; Saving; 0; 16; 1000; 5.534; ExG16
2022-08-02 14:34:54.376; Monitoring; 0; 16; 1000; 6.500; ExG16
2022-08-02 14:35:54.380; Monitoring; 0; 16; 1000; 6.500; ExG16
2022-08-02 14:36:55.170; Saving; 0; 16; 1000; 5.528; ExG16
2022-08-02 14:37:56.007; Saving; 0; 16; 1000; 5.528; ExG16
2022-08-02 14:38:56.757; Saving; 0; 16; 1000; 5.527; ExG16
2022-08-02 14:39:56.796; Monitoring; 1; 16; 1000; 5.527; ExG16
2022-08-02 14:40:56.827; Monitoring; 1; 16; 1000; 5.527; ExG16
2022-08-02 14:41:57.615; Monitoring; 1; 16; 1000; 5.527; ExG16
2022-08-02 14:42:58.345; Monitoring; 1; 16; 1000; 5.527; ExG16
2022-08-02 14:43:59.131; Monitoring; 0; 16; 1000; 5.527; ExG16
2022-08-02 14:44:59.212; Monitoring; 1; 16; 1000; 5.527; ExG16
2022-08-02 14:45:59.893; Saving; 0; 16; 1000; 5.527; ExG16
2022-08-02 14:52:00.679; Monitoring; 0; 16; 1000; 6.500; ExG16
2022-08-02 14:53:00.743; Saving; 0; 16; 1000; 5.528; ExG16
2022-08-02 14:54:01.482; Monitoring; 1; 16; 1000; 5.528; ExG16
2022-08-02 14:55:01.599; Saving; 1; 16; 1000; 5.527; ExG16
2022-08-02 15:22:33.745; Monitoring; 1; 16; 1000; 5.527; ExG16
2022-08-02 15:23:34.500; Saving; 0; 16; 1000; 5.527; ExG16
2022-08-02 15:24:34.514; Saving; 0; 16; 1000; 5.527; ExG16
2022-08-02 15:25:26.824; Monitoring; 1; 16; 1000; 5.527; ExG16
2022-08-02 15:26:27.665; Saving; 1; 16; 1000; 5.528; ExG16
2022-08-02 15:27:27.766; Saving; 0; 16; 1000; 5.528; ExG16
2022-08-02 15:33:21.256; Monitoring; 0; 16; 1000; 6.500; ExG16
2022-08-02 15:34:21.305; Monitoring; 1; 16; 1000; 6.500; ExG16
2022-08-02 15:35:22.161; Monitoring; 1; 16; 1000; 6.500; ExG16
2022-08-04 10:13:46.725; ImpedanceCheck; 0; 16; 1000; 5.528; ExG16
2022-08-04 11:04:44.619; Monitoring; 0; 16; 1000; 5.528; ExG16
2022-08-04 12:13:55.265; Monitoring; 0; 16; 1000; 6.500; ExG16
2022-08-04 12:14:55.839; Monitoring; 1; 16; 1000; 5.528; ExG16
2022-08-04 12:16:14.263; Monitoring; 0; 16; 1000; 5.528; ExG16
2022-08-30 17:21:12.438; ImpedanceCheck; 0; 32; 5000; 5.535; BA DC
2022-08-30 17:22:14.802; ImpedanceCheck; 0; 32; 1000; 5.535; BA DC
2022-08-30 17:23:17.575; ImpedanceCheck; 0; 32; 1000; 5.535; BA DC
2022-08-30 17:24:18.032; Test signal; 0; 32; 1000; 5.535; BA DC
2022-08-30 17:25:18.046; Test signal; 1; 32; 1000; 5.535; BA DC
2022-08-30 17:26:18.063; Test signal; 1; 32; 1000; 5.535; BA DC
2022-08-30 17:27:18.762; Test signal; 0; 32; 1000; 5.535; BA DC
2022-08-30 17:28:18.786; Saving Test signal; 0; 32; 1000; 5.535; BA DC
2022-08-30 17:31:24.738; ImpedanceCheck; 0; 32; 1000; 5.535; BA DC
2022-08-30 17:32:25.234; Test signal; 1; 32; 1000; 5.532; BA DC
2022-08-30 17:33:25.508; ImpedanceCheck; 0; 32; 1000; 5.534; BA DC
2022-08-30 17:34:25.762; Test signal; 0; 32; 1000; 5.534; BA DC
2022-08-30 17:35:26.637; Test signal; 0; 32; 1000; 5.534; BA DC
2022-08-30 17:36:27.410; Test signal; 1; 32; 1000; 5.534; BA DC
2022-08-30 17:37:27.428; Saving Test signal; 0; 32; 1000; 5.534; BA DC
2022-08-31 10:56:58.752; Monitoring; 1; 32; 5000; 5.536; BA DC
2022-08-31 10:58:05.285; ImpedanceCheck; 0; 32; 5000; 5.533; BA DC
2022-08-31 10:59:07.640; ImpedanceCheck; 0; 32; 5000; 5.533; BA DC
2022-08-31 11:00:09.990; ImpedanceCheck; 0; 32; 5000; 5.532; BA DC
2022-08-31 11:01:12.482; ImpedanceCheck; 0; 32; 5000; 5.532; BA DC
2022-08-31 11:04:26.128; Monitoring; 0; 32; 5000; 5.531; BA DC
2022-08-31 11:06:05.497; Monitoring; 0; 32; 5000; 5.536; BA DC
2022-08-31 11:14:36.335; Monitoring; 0; 32; 5000; 5.538; BA DC
2022-08-31 11:15:36.403; Monitoring; 0; 32; 5000; 5.536; BA DC
2022-08-31 11:16:37.149; Saving; 1; 32; 5000; 5.536; BA DC
2022-08-31 11:17:39.559; Monitoring; 1; 32; 5000; 5.537; BA DC
2022-08-31 11:18:40.411; Monitoring; 1; 32; 5000; 5.536; BA DC
2022-08-31 11:19:40.479; Monitoring; 0; 32; 5000; 5.536; BA DC
2022-08-31 11:20:41.287; Monitoring; 1; 32; 5000; 5.536; BA DC
2022-08-31 11:24:33.288; Monitoring; 0; 32; 5000; 5.538; BA DC
2022-08-31 11:25:34.414; Monitoring; 1; 32; 5000; 5.536; BA DC
2022-08-31 11:26:34.773; Saving; 0; 32; 5000; 5.536; BA DC
2022-09-15 11:52:18.358; Monitoring; 0; 32; 1000; 6.500; BA DC
2022-09-15 11:53:19.137; Monitoring; 1; 32; 1000; 6.500; BA DC
2022-09-15 11:54:19.212; Saving; 1; 32; 1000; 6.500; BA DC
2022-09-15 11:55:20.057; Monitoring; 0; 32; 1000; 6.500; BA DC
2022-09-15 11:56:29.122; Monitoring; 1; 32; 1000; 6.500; BA DC
2022-09-15 15:34:32.722; ImpedanceCheck; 0; 32; 250; 5.535; BA DC
2022-09-15 15:35:33.404; Test signal; 1; 32; 250; 5.534; BA DC
2022-09-15 15:36:33.437; Test signal; 1; 32; 250; 5.534; BA DC
2022-09-15 15:37:33.460; Test signal; 1; 32; 250; 5.534; BA DC
2022-09-15 15:38:33.501; Test signal; 0; 32; 250; 5.534; BA DC
2022-09-15 15:40:03.807; Monitoring; 1; 32; 1000; 5.534; BA DC
2022-09-15 15:41:21.704; Test signal; 1; 32; 1000; 5.534; BA DC
2022-09-15 15:42:25.442; ImpedanceCheck; 0; 32; 1000; 5.533; BA DC
2022-09-15 15:43:25.871; Saving Test signal; 1; 32; 1000; 5.533; BA DC
2022-09-15 15:46:01.806; Test signal; 0; 32; 1000; 5.535; BA DC
2022-09-15 15:56:16.462; ImpedanceCheck; 0; 48; 1000; 5.528, 5.530; BA DC, ExG16
2022-09-15 15:57:31.216; ImpedanceCheck; 0; 48; 1000; 5.532, 5.528; BA DC, ExG16
2022-09-15 15:58:31.224; Test signal; 1; 48; 1000; 5.525, 5.521; BA DC, ExG16
2022-09-15 15:59:31.313; Test signal; 1; 48; 1000; 5.525, 5.521; BA DC, ExG16
2022-09-15 16:00:32.081; Test signal; 1; 48; 1000; 5.431, 5.433; BA DC, ExG16
2022-09-15 16:01:32.091; Saving Test signal; 1; 48; 1000; 5.431, 5.433; BA DC, ExG16
2022-09-15 16:03:35.404; ImpedanceCheck; 0; 48; 1000; 5.343, 5.343; BA DC, ExG16
2022-09-15 16:04:41.947; ImpedanceCheck; 0; 48; 1000; 5.304, 5.304; BA DC, ExG16
2022-09-15 16:13:42.687; ImpedanceCheck; 0; 32; 250; 5.254; BA DC
